{"/home/fsantaniello/Documentos/fullcycle-ddd/src/domain/@shared/event/event-dispatcher.ts": {"path":"/home/fsantaniello/Documentos/fullcycle-ddd/src/domain/@shared/event/event-dispatcher.ts","all":false,"statementMap":{"0":{"start":{"line":1,"column":0},"end":{"line":1,"column":68}},"1":{"start":{"line":2,"column":0},"end":{"line":2,"column":62}},"2":{"start":{"line":3,"column":0},"end":{"line":3,"column":47}},"3":{"start":{"line":4,"column":0},"end":{"line":4,"column":0}},"4":{"start":{"line":5,"column":0},"end":{"line":5,"column":73}},"5":{"start":{"line":6,"column":0},"end":{"line":6,"column":0}},"6":{"start":{"line":7,"column":0},"end":{"line":7,"column":80}},"7":{"start":{"line":8,"column":0},"end":{"line":8,"column":0}},"8":{"start":{"line":9,"column":0},"end":{"line":9,"column":78}},"9":{"start":{"line":10,"column":0},"end":{"line":10,"column":34}},"10":{"start":{"line":11,"column":0},"end":{"line":11,"column":5}},"11":{"start":{"line":12,"column":0},"end":{"line":12,"column":0}},"12":{"start":{"line":13,"column":0},"end":{"line":13,"column":92}},"13":{"start":{"line":14,"column":0},"end":{"line":14,"column":45}},"14":{"start":{"line":15,"column":0},"end":{"line":15,"column":47}},"15":{"start":{"line":16,"column":0},"end":{"line":16,"column":11}},"16":{"start":{"line":17,"column":0},"end":{"line":17,"column":59}},"17":{"start":{"line":18,"column":0},"end":{"line":18,"column":5}},"18":{"start":{"line":19,"column":0},"end":{"line":19,"column":78}},"19":{"start":{"line":20,"column":0},"end":{"line":20,"column":44}},"20":{"start":{"line":21,"column":0},"end":{"line":21,"column":76}},"21":{"start":{"line":22,"column":0},"end":{"line":22,"column":29}},"22":{"start":{"line":23,"column":0},"end":{"line":23,"column":59}},"23":{"start":{"line":24,"column":0},"end":{"line":24,"column":11}},"24":{"start":{"line":25,"column":0},"end":{"line":25,"column":9}},"25":{"start":{"line":26,"column":0},"end":{"line":26,"column":7}},"26":{"start":{"line":27,"column":0},"end":{"line":27,"column":4}},"27":{"start":{"line":28,"column":0},"end":{"line":28,"column":29}},"28":{"start":{"line":29,"column":0},"end":{"line":29,"column":32}},"29":{"start":{"line":30,"column":0},"end":{"line":30,"column":7}},"30":{"start":{"line":31,"column":0},"end":{"line":31,"column":4}},"31":{"start":{"line":32,"column":0},"end":{"line":32,"column":43}},"32":{"start":{"line":33,"column":0},"end":{"line":33,"column":49}},"33":{"start":{"line":34,"column":0},"end":{"line":34,"column":44}},"34":{"start":{"line":35,"column":0},"end":{"line":35,"column":67}},"35":{"start":{"line":36,"column":0},"end":{"line":36,"column":39}},"36":{"start":{"line":37,"column":0},"end":{"line":37,"column":13}},"37":{"start":{"line":38,"column":0},"end":{"line":38,"column":9}},"38":{"start":{"line":39,"column":0},"end":{"line":39,"column":7}},"39":{"start":{"line":40,"column":0},"end":{"line":40,"column":5}}},"s":{"0":1,"1":1,"2":1,"3":1,"4":1,"5":10,"6":10,"7":10,"8":10,"9":31,"10":31,"11":10,"12":10,"13":16,"14":12,"15":12,"16":16,"17":16,"18":10,"19":3,"20":3,"21":3,"22":3,"23":3,"24":3,"25":3,"26":10,"27":10,"28":1,"29":1,"30":10,"31":10,"32":3,"33":3,"34":3,"35":4,"36":4,"37":3,"38":3,"39":10},"branchMap":{"0":{"type":"branch","line":5,"loc":{"start":{"line":5,"column":15},"end":{"line":40,"column":5}},"locations":[{"start":{"line":5,"column":15},"end":{"line":40,"column":5}}]},"1":{"type":"branch","line":9,"loc":{"start":{"line":9,"column":4},"end":{"line":11,"column":5}},"locations":[{"start":{"line":9,"column":4},"end":{"line":11,"column":5}}]},"2":{"type":"branch","line":13,"loc":{"start":{"line":13,"column":4},"end":{"line":18,"column":5}},"locations":[{"start":{"line":13,"column":4},"end":{"line":18,"column":5}}]},"3":{"type":"branch","line":14,"loc":{"start":{"line":14,"column":44},"end":{"line":16,"column":11}},"locations":[{"start":{"line":14,"column":44},"end":{"line":16,"column":11}}]},"4":{"type":"branch","line":19,"loc":{"start":{"line":19,"column":4},"end":{"line":26,"column":7}},"locations":[{"start":{"line":19,"column":4},"end":{"line":26,"column":7}}]},"5":{"type":"branch","line":28,"loc":{"start":{"line":28,"column":6},"end":{"line":30,"column":7}},"locations":[{"start":{"line":28,"column":6},"end":{"line":30,"column":7}}]},"6":{"type":"branch","line":32,"loc":{"start":{"line":32,"column":6},"end":{"line":39,"column":7}},"locations":[{"start":{"line":32,"column":6},"end":{"line":39,"column":7}}]},"7":{"type":"branch","line":35,"loc":{"start":{"line":35,"column":48},"end":{"line":37,"column":13}},"locations":[{"start":{"line":35,"column":48},"end":{"line":37,"column":13}}]}},"b":{"0":[10],"1":[31],"2":[16],"3":[12],"4":[3],"5":[1],"6":[3],"7":[4]},"fnMap":{"0":{"name":"<instance_members_initializer>","decl":{"start":{"line":5,"column":15},"end":{"line":40,"column":5}},"loc":{"start":{"line":5,"column":15},"end":{"line":40,"column":5}},"line":5},"1":{"name":"get getEventHandlers","decl":{"start":{"line":9,"column":4},"end":{"line":11,"column":5}},"loc":{"start":{"line":9,"column":4},"end":{"line":11,"column":5}},"line":9},"2":{"name":"register","decl":{"start":{"line":13,"column":4},"end":{"line":18,"column":5}},"loc":{"start":{"line":13,"column":4},"end":{"line":18,"column":5}},"line":13},"3":{"name":"unregister","decl":{"start":{"line":19,"column":4},"end":{"line":26,"column":7}},"loc":{"start":{"line":19,"column":4},"end":{"line":26,"column":7}},"line":19},"4":{"name":"unregisterAll","decl":{"start":{"line":28,"column":6},"end":{"line":30,"column":7}},"loc":{"start":{"line":28,"column":6},"end":{"line":30,"column":7}},"line":28},"5":{"name":"notify","decl":{"start":{"line":32,"column":6},"end":{"line":39,"column":7}},"loc":{"start":{"line":32,"column":6},"end":{"line":39,"column":7}},"line":32}},"f":{"0":10,"1":31,"2":16,"3":3,"4":1,"5":3}}
,"/home/fsantaniello/Documentos/fullcycle-ddd/src/domain/checkout/entity/order_item.ts": {"path":"/home/fsantaniello/Documentos/fullcycle-ddd/src/domain/checkout/entity/order_item.ts","all":false,"statementMap":{"0":{"start":{"line":1,"column":0},"end":{"line":1,"column":32}},"1":{"start":{"line":2,"column":0},"end":{"line":2,"column":24}},"2":{"start":{"line":3,"column":0},"end":{"line":3,"column":31}},"3":{"start":{"line":4,"column":0},"end":{"line":4,"column":26}},"4":{"start":{"line":5,"column":0},"end":{"line":5,"column":27}},"5":{"start":{"line":6,"column":0},"end":{"line":6,"column":30}},"6":{"start":{"line":7,"column":0},"end":{"line":7,"column":27}},"7":{"start":{"line":8,"column":0},"end":{"line":8,"column":2}},"8":{"start":{"line":9,"column":0},"end":{"line":9,"column":16}},"9":{"start":{"line":10,"column":0},"end":{"line":10,"column":17}},"10":{"start":{"line":11,"column":0},"end":{"line":11,"column":19}},"11":{"start":{"line":12,"column":0},"end":{"line":12,"column":20}},"12":{"start":{"line":13,"column":0},"end":{"line":13,"column":24}},"13":{"start":{"line":14,"column":0},"end":{"line":14,"column":22}},"14":{"start":{"line":15,"column":0},"end":{"line":15,"column":7}},"15":{"start":{"line":16,"column":0},"end":{"line":16,"column":20}},"16":{"start":{"line":17,"column":0},"end":{"line":17,"column":24}},"17":{"start":{"line":18,"column":0},"end":{"line":18,"column":26}},"18":{"start":{"line":19,"column":0},"end":{"line":19,"column":34}},"19":{"start":{"line":20,"column":0},"end":{"line":20,"column":32}},"20":{"start":{"line":21,"column":0},"end":{"line":21,"column":33}},"21":{"start":{"line":22,"column":0},"end":{"line":22,"column":5}},"22":{"start":{"line":23,"column":0},"end":{"line":23,"column":2}},"23":{"start":{"line":24,"column":0},"end":{"line":24,"column":22}},"24":{"start":{"line":25,"column":0},"end":{"line":25,"column":22}},"25":{"start":{"line":26,"column":0},"end":{"line":26,"column":5}},"26":{"start":{"line":27,"column":0},"end":{"line":27,"column":2}},"27":{"start":{"line":28,"column":0},"end":{"line":28,"column":24}},"28":{"start":{"line":29,"column":0},"end":{"line":29,"column":24}},"29":{"start":{"line":30,"column":0},"end":{"line":30,"column":5}},"30":{"start":{"line":31,"column":0},"end":{"line":31,"column":2}},"31":{"start":{"line":32,"column":0},"end":{"line":32,"column":29}},"32":{"start":{"line":33,"column":0},"end":{"line":33,"column":29}},"33":{"start":{"line":34,"column":0},"end":{"line":34,"column":5}},"34":{"start":{"line":35,"column":0},"end":{"line":35,"column":2}},"35":{"start":{"line":36,"column":0},"end":{"line":36,"column":28}},"36":{"start":{"line":37,"column":0},"end":{"line":37,"column":28}},"37":{"start":{"line":38,"column":0},"end":{"line":38,"column":5}},"38":{"start":{"line":39,"column":0},"end":{"line":39,"column":2}},"39":{"start":{"line":40,"column":0},"end":{"line":40,"column":25}},"40":{"start":{"line":41,"column":0},"end":{"line":41,"column":25}},"41":{"start":{"line":42,"column":0},"end":{"line":42,"column":7}},"42":{"start":{"line":43,"column":0},"end":{"line":43,"column":2}},"43":{"start":{"line":44,"column":0},"end":{"line":44,"column":21}},"44":{"start":{"line":45,"column":0},"end":{"line":45,"column":41}},"45":{"start":{"line":46,"column":0},"end":{"line":46,"column":5}},"46":{"start":{"line":47,"column":0},"end":{"line":47,"column":0}},"47":{"start":{"line":48,"column":0},"end":{"line":48,"column":4}},"48":{"start":{"line":49,"column":0},"end":{"line":49,"column":0}},"49":{"start":{"line":50,"column":0},"end":{"line":50,"column":3}}},"s":{"0":1,"1":17,"2":17,"3":17,"4":17,"5":17,"6":17,"7":17,"8":17,"9":17,"10":17,"11":17,"12":17,"13":17,"14":17,"15":17,"16":17,"17":17,"18":17,"19":17,"20":17,"21":17,"22":17,"23":17,"24":10,"25":10,"26":17,"27":17,"28":8,"29":8,"30":17,"31":17,"32":7,"33":7,"34":17,"35":17,"36":25,"37":25,"38":17,"39":17,"40":8,"41":8,"42":17,"43":17,"44":50,"45":50,"46":17,"47":17,"48":17,"49":17},"branchMap":{"0":{"type":"branch","line":1,"loc":{"start":{"line":1,"column":15},"end":{"line":50,"column":3}},"locations":[{"start":{"line":1,"column":15},"end":{"line":50,"column":3}}]},"1":{"type":"branch","line":9,"loc":{"start":{"line":9,"column":4},"end":{"line":22,"column":5}},"locations":[{"start":{"line":9,"column":4},"end":{"line":22,"column":5}}]},"2":{"type":"branch","line":24,"loc":{"start":{"line":24,"column":4},"end":{"line":26,"column":5}},"locations":[{"start":{"line":24,"column":4},"end":{"line":26,"column":5}}]},"3":{"type":"branch","line":28,"loc":{"start":{"line":28,"column":4},"end":{"line":30,"column":5}},"locations":[{"start":{"line":28,"column":4},"end":{"line":30,"column":5}}]},"4":{"type":"branch","line":32,"loc":{"start":{"line":32,"column":4},"end":{"line":34,"column":5}},"locations":[{"start":{"line":32,"column":4},"end":{"line":34,"column":5}}]},"5":{"type":"branch","line":36,"loc":{"start":{"line":36,"column":4},"end":{"line":38,"column":5}},"locations":[{"start":{"line":36,"column":4},"end":{"line":38,"column":5}}]},"6":{"type":"branch","line":40,"loc":{"start":{"line":40,"column":4},"end":{"line":42,"column":7}},"locations":[{"start":{"line":40,"column":4},"end":{"line":42,"column":7}}]},"7":{"type":"branch","line":44,"loc":{"start":{"line":44,"column":4},"end":{"line":46,"column":5}},"locations":[{"start":{"line":44,"column":4},"end":{"line":46,"column":5}}]}},"b":{"0":[17],"1":[17],"2":[10],"3":[8],"4":[7],"5":[25],"6":[8],"7":[50]},"fnMap":{"0":{"name":"<instance_members_initializer>","decl":{"start":{"line":1,"column":15},"end":{"line":50,"column":3}},"loc":{"start":{"line":1,"column":15},"end":{"line":50,"column":3}},"line":1},"1":{"name":"OrderItem","decl":{"start":{"line":9,"column":4},"end":{"line":22,"column":5}},"loc":{"start":{"line":9,"column":4},"end":{"line":22,"column":5}},"line":9},"2":{"name":"get id","decl":{"start":{"line":24,"column":4},"end":{"line":26,"column":5}},"loc":{"start":{"line":24,"column":4},"end":{"line":26,"column":5}},"line":24},"3":{"name":"get name","decl":{"start":{"line":28,"column":4},"end":{"line":30,"column":5}},"loc":{"start":{"line":28,"column":4},"end":{"line":30,"column":5}},"line":28},"4":{"name":"get productId","decl":{"start":{"line":32,"column":4},"end":{"line":34,"column":5}},"loc":{"start":{"line":32,"column":4},"end":{"line":34,"column":5}},"line":32},"5":{"name":"get quantity","decl":{"start":{"line":36,"column":4},"end":{"line":38,"column":5}},"loc":{"start":{"line":36,"column":4},"end":{"line":38,"column":5}},"line":36},"6":{"name":"get price","decl":{"start":{"line":40,"column":4},"end":{"line":42,"column":7}},"loc":{"start":{"line":40,"column":4},"end":{"line":42,"column":7}},"line":40},"7":{"name":"total","decl":{"start":{"line":44,"column":4},"end":{"line":46,"column":5}},"loc":{"start":{"line":44,"column":4},"end":{"line":46,"column":5}},"line":44}},"f":{"0":17,"1":17,"2":10,"3":8,"4":7,"5":25,"6":8,"7":50}}
,"/home/fsantaniello/Documentos/fullcycle-ddd/src/domain/checkout/entity/aggregate/order.ts": {"path":"/home/fsantaniello/Documentos/fullcycle-ddd/src/domain/checkout/entity/aggregate/order.ts","all":false,"statementMap":{"0":{"start":{"line":1,"column":0},"end":{"line":1,"column":38}},"1":{"start":{"line":2,"column":0},"end":{"line":2,"column":28}},"2":{"start":{"line":3,"column":0},"end":{"line":3,"column":24}},"3":{"start":{"line":4,"column":0},"end":{"line":4,"column":64}},"4":{"start":{"line":5,"column":0},"end":{"line":5,"column":36}},"5":{"start":{"line":6,"column":0},"end":{"line":6,"column":32}},"6":{"start":{"line":7,"column":0},"end":{"line":7,"column":27}},"7":{"start":{"line":8,"column":0},"end":{"line":8,"column":2}},"8":{"start":{"line":9,"column":0},"end":{"line":9,"column":69}},"9":{"start":{"line":10,"column":0},"end":{"line":10,"column":20}},"10":{"start":{"line":11,"column":0},"end":{"line":11,"column":36}},"11":{"start":{"line":12,"column":0},"end":{"line":12,"column":26}},"12":{"start":{"line":13,"column":0},"end":{"line":13,"column":33}},"13":{"start":{"line":14,"column":0},"end":{"line":14,"column":22}},"14":{"start":{"line":15,"column":0},"end":{"line":15,"column":5}},"15":{"start":{"line":16,"column":0},"end":{"line":16,"column":2}},"16":{"start":{"line":17,"column":0},"end":{"line":17,"column":22}},"17":{"start":{"line":18,"column":0},"end":{"line":18,"column":22}},"18":{"start":{"line":19,"column":0},"end":{"line":19,"column":5}},"19":{"start":{"line":20,"column":0},"end":{"line":20,"column":2}},"20":{"start":{"line":21,"column":0},"end":{"line":21,"column":30}},"21":{"start":{"line":22,"column":0},"end":{"line":22,"column":30}},"22":{"start":{"line":23,"column":0},"end":{"line":23,"column":5}},"23":{"start":{"line":24,"column":0},"end":{"line":24,"column":2}},"24":{"start":{"line":25,"column":0},"end":{"line":25,"column":30}},"25":{"start":{"line":26,"column":0},"end":{"line":26,"column":25}},"26":{"start":{"line":27,"column":0},"end":{"line":27,"column":5}},"27":{"start":{"line":28,"column":0},"end":{"line":28,"column":2}},"28":{"start":{"line":29,"column":0},"end":{"line":29,"column":25}},"29":{"start":{"line":30,"column":0},"end":{"line":30,"column":34}},"30":{"start":{"line":31,"column":0},"end":{"line":31,"column":42}},"31":{"start":{"line":32,"column":0},"end":{"line":32,"column":7}},"32":{"start":{"line":33,"column":0},"end":{"line":33,"column":42}},"33":{"start":{"line":34,"column":0},"end":{"line":34,"column":50}},"34":{"start":{"line":35,"column":0},"end":{"line":35,"column":7}},"35":{"start":{"line":36,"column":0},"end":{"line":36,"column":37}},"36":{"start":{"line":37,"column":0},"end":{"line":37,"column":46}},"37":{"start":{"line":38,"column":0},"end":{"line":38,"column":7}},"38":{"start":{"line":39,"column":0},"end":{"line":39,"column":2}},"39":{"start":{"line":40,"column":0},"end":{"line":40,"column":59}},"40":{"start":{"line":41,"column":0},"end":{"line":41,"column":59}},"41":{"start":{"line":42,"column":0},"end":{"line":42,"column":7}},"42":{"start":{"line":43,"column":0},"end":{"line":43,"column":2}},"43":{"start":{"line":44,"column":0},"end":{"line":44,"column":18}},"44":{"start":{"line":45,"column":0},"end":{"line":45,"column":5}},"45":{"start":{"line":46,"column":0},"end":{"line":46,"column":0}},"46":{"start":{"line":47,"column":0},"end":{"line":47,"column":34}},"47":{"start":{"line":48,"column":0},"end":{"line":48,"column":30}},"48":{"start":{"line":49,"column":0},"end":{"line":49,"column":5}},"49":{"start":{"line":50,"column":0},"end":{"line":50,"column":2}},"50":{"start":{"line":51,"column":0},"end":{"line":51,"column":21}},"51":{"start":{"line":52,"column":0},"end":{"line":52,"column":70}},"52":{"start":{"line":53,"column":0},"end":{"line":53,"column":5}},"53":{"start":{"line":54,"column":0},"end":{"line":54,"column":3}}},"s":{"0":1,"1":1,"2":19,"3":19,"4":19,"5":19,"6":19,"7":19,"8":19,"9":19,"10":19,"11":19,"12":19,"13":19,"14":19,"15":19,"16":19,"17":13,"18":13,"19":19,"20":19,"21":6,"22":6,"23":19,"24":19,"25":9,"26":9,"27":19,"28":19,"29":19,"30":1,"31":1,"32":19,"33":1,"34":1,"35":19,"36":1,"37":1,"38":16,"39":19,"40":1,"41":1,"42":15,"43":15,"44":15,"45":19,"46":19,"47":1,"48":1,"49":19,"50":19,"51":33,"52":33,"53":19},"branchMap":{"0":{"type":"branch","line":2,"loc":{"start":{"line":2,"column":15},"end":{"line":54,"column":3}},"locations":[{"start":{"line":2,"column":15},"end":{"line":54,"column":3}}]},"1":{"type":"branch","line":9,"loc":{"start":{"line":9,"column":4},"end":{"line":15,"column":5}},"locations":[{"start":{"line":9,"column":4},"end":{"line":15,"column":5}}]},"2":{"type":"branch","line":17,"loc":{"start":{"line":17,"column":4},"end":{"line":19,"column":5}},"locations":[{"start":{"line":17,"column":4},"end":{"line":19,"column":5}}]},"3":{"type":"branch","line":21,"loc":{"start":{"line":21,"column":4},"end":{"line":23,"column":5}},"locations":[{"start":{"line":21,"column":4},"end":{"line":23,"column":5}}]},"4":{"type":"branch","line":25,"loc":{"start":{"line":25,"column":4},"end":{"line":27,"column":5}},"locations":[{"start":{"line":25,"column":4},"end":{"line":27,"column":5}}]},"5":{"type":"branch","line":29,"loc":{"start":{"line":29,"column":4},"end":{"line":45,"column":5}},"locations":[{"start":{"line":29,"column":4},"end":{"line":45,"column":5}}]},"6":{"type":"branch","line":30,"loc":{"start":{"line":30,"column":33},"end":{"line":32,"column":7}},"locations":[{"start":{"line":30,"column":33},"end":{"line":32,"column":7}}]},"7":{"type":"branch","line":32,"loc":{"start":{"line":32,"column":6},"end":{"line":33,"column":41}},"locations":[{"start":{"line":32,"column":6},"end":{"line":33,"column":41}}]},"8":{"type":"branch","line":33,"loc":{"start":{"line":33,"column":41},"end":{"line":35,"column":7}},"locations":[{"start":{"line":33,"column":41},"end":{"line":35,"column":7}}]},"9":{"type":"branch","line":35,"loc":{"start":{"line":35,"column":6},"end":{"line":36,"column":36}},"locations":[{"start":{"line":35,"column":6},"end":{"line":36,"column":36}}]},"10":{"type":"branch","line":36,"loc":{"start":{"line":36,"column":36},"end":{"line":38,"column":7}},"locations":[{"start":{"line":36,"column":36},"end":{"line":38,"column":7}}]},"11":{"type":"branch","line":38,"loc":{"start":{"line":38,"column":6},"end":{"line":40,"column":58}},"locations":[{"start":{"line":38,"column":6},"end":{"line":40,"column":58}}]},"12":{"type":"branch","line":40,"loc":{"start":{"line":40,"column":58},"end":{"line":42,"column":7}},"locations":[{"start":{"line":40,"column":58},"end":{"line":42,"column":7}}]},"13":{"type":"branch","line":42,"loc":{"start":{"line":42,"column":6},"end":{"line":45,"column":5}},"locations":[{"start":{"line":42,"column":6},"end":{"line":45,"column":5}}]},"14":{"type":"branch","line":40,"loc":{"start":{"line":40,"column":27},"end":{"line":40,"column":58}},"locations":[{"start":{"line":40,"column":27},"end":{"line":40,"column":58}}]},"15":{"type":"branch","line":47,"loc":{"start":{"line":47,"column":4},"end":{"line":49,"column":5}},"locations":[{"start":{"line":47,"column":4},"end":{"line":49,"column":5}}]},"16":{"type":"branch","line":51,"loc":{"start":{"line":51,"column":4},"end":{"line":53,"column":5}},"locations":[{"start":{"line":51,"column":4},"end":{"line":53,"column":5}}]},"17":{"type":"branch","line":52,"loc":{"start":{"line":52,"column":32},"end":{"line":52,"column":67}},"locations":[{"start":{"line":52,"column":32},"end":{"line":52,"column":67}}]}},"b":{"0":[19],"1":[19],"2":[13],"3":[6],"4":[9],"5":[19],"6":[1],"7":[18],"8":[1],"9":[17],"10":[1],"11":[16],"12":[1],"13":[15],"14":[17],"15":[1],"16":[33],"17":[33]},"fnMap":{"0":{"name":"<instance_members_initializer>","decl":{"start":{"line":2,"column":15},"end":{"line":54,"column":3}},"loc":{"start":{"line":2,"column":15},"end":{"line":54,"column":3}},"line":2},"1":{"name":"Order","decl":{"start":{"line":9,"column":4},"end":{"line":15,"column":5}},"loc":{"start":{"line":9,"column":4},"end":{"line":15,"column":5}},"line":9},"2":{"name":"get id","decl":{"start":{"line":17,"column":4},"end":{"line":19,"column":5}},"loc":{"start":{"line":17,"column":4},"end":{"line":19,"column":5}},"line":17},"3":{"name":"get customerId","decl":{"start":{"line":21,"column":4},"end":{"line":23,"column":5}},"loc":{"start":{"line":21,"column":4},"end":{"line":23,"column":5}},"line":21},"4":{"name":"get items","decl":{"start":{"line":25,"column":4},"end":{"line":27,"column":5}},"loc":{"start":{"line":25,"column":4},"end":{"line":27,"column":5}},"line":25},"5":{"name":"validate","decl":{"start":{"line":29,"column":4},"end":{"line":45,"column":5}},"loc":{"start":{"line":29,"column":4},"end":{"line":45,"column":5}},"line":29},"6":{"name":"addNewItem","decl":{"start":{"line":47,"column":4},"end":{"line":49,"column":5}},"loc":{"start":{"line":47,"column":4},"end":{"line":49,"column":5}},"line":47},"7":{"name":"total","decl":{"start":{"line":51,"column":4},"end":{"line":53,"column":5}},"loc":{"start":{"line":51,"column":4},"end":{"line":53,"column":5}},"line":51}},"f":{"0":19,"1":19,"2":13,"3":6,"4":9,"5":19,"6":1,"7":33}}
,"/home/fsantaniello/Documentos/fullcycle-ddd/src/domain/checkout/factory/order.factory.ts": {"path":"/home/fsantaniello/Documentos/fullcycle-ddd/src/domain/checkout/factory/order.factory.ts","all":false,"statementMap":{"0":{"start":{"line":1,"column":0},"end":{"line":1,"column":0}},"1":{"start":{"line":2,"column":0},"end":{"line":2,"column":46}},"2":{"start":{"line":3,"column":0},"end":{"line":3,"column":45}},"3":{"start":{"line":4,"column":0},"end":{"line":4,"column":0}},"4":{"start":{"line":5,"column":0},"end":{"line":5,"column":29}},"5":{"start":{"line":6,"column":0},"end":{"line":6,"column":13}},"6":{"start":{"line":7,"column":0},"end":{"line":7,"column":21}},"7":{"start":{"line":8,"column":0},"end":{"line":8,"column":10}},"8":{"start":{"line":9,"column":0},"end":{"line":9,"column":15}},"9":{"start":{"line":10,"column":0},"end":{"line":10,"column":17}},"10":{"start":{"line":11,"column":0},"end":{"line":11,"column":22}},"11":{"start":{"line":12,"column":0},"end":{"line":12,"column":21}},"12":{"start":{"line":13,"column":0},"end":{"line":13,"column":18}},"13":{"start":{"line":14,"column":0},"end":{"line":14,"column":6}},"14":{"start":{"line":15,"column":0},"end":{"line":15,"column":1}},"15":{"start":{"line":16,"column":0},"end":{"line":16,"column":0}},"16":{"start":{"line":17,"column":0},"end":{"line":17,"column":35}},"17":{"start":{"line":18,"column":0},"end":{"line":18,"column":57}},"18":{"start":{"line":19,"column":0},"end":{"line":19,"column":45}},"19":{"start":{"line":20,"column":0},"end":{"line":20,"column":27}},"20":{"start":{"line":21,"column":0},"end":{"line":21,"column":16}},"21":{"start":{"line":22,"column":0},"end":{"line":22,"column":18}},"22":{"start":{"line":23,"column":0},"end":{"line":23,"column":19}},"23":{"start":{"line":24,"column":0},"end":{"line":24,"column":23}},"24":{"start":{"line":25,"column":0},"end":{"line":25,"column":21}},"25":{"start":{"line":26,"column":0},"end":{"line":26,"column":8}},"26":{"start":{"line":27,"column":0},"end":{"line":27,"column":7}},"27":{"start":{"line":28,"column":0},"end":{"line":28,"column":4}},"28":{"start":{"line":29,"column":0},"end":{"line":29,"column":56}},"29":{"start":{"line":30,"column":0},"end":{"line":30,"column":0}},"30":{"start":{"line":31,"column":0},"end":{"line":31,"column":3}},"31":{"start":{"line":32,"column":0},"end":{"line":32,"column":1}}},"s":{"0":1,"1":1,"2":1,"3":1,"4":1,"5":1,"6":1,"7":1,"8":1,"9":1,"10":1,"11":1,"12":1,"13":1,"14":1,"15":1,"16":1,"17":1,"18":1,"19":1,"20":1,"21":1,"22":1,"23":1,"24":1,"25":1,"26":1,"27":1,"28":1,"29":1,"30":1,"31":1},"branchMap":{"0":{"type":"branch","line":18,"loc":{"start":{"line":18,"column":16},"end":{"line":31,"column":3}},"locations":[{"start":{"line":18,"column":16},"end":{"line":31,"column":3}}]},"1":{"type":"branch","line":19,"loc":{"start":{"line":19,"column":34},"end":{"line":27,"column":7}},"locations":[{"start":{"line":19,"column":34},"end":{"line":27,"column":7}}]}},"b":{"0":[1],"1":[1]},"fnMap":{"0":{"name":"create","decl":{"start":{"line":18,"column":16},"end":{"line":31,"column":3}},"loc":{"start":{"line":18,"column":16},"end":{"line":31,"column":3}},"line":18}},"f":{"0":1}}
,"/home/fsantaniello/Documentos/fullcycle-ddd/src/domain/checkout/service/order.service.ts": {"path":"/home/fsantaniello/Documentos/fullcycle-ddd/src/domain/checkout/service/order.service.ts","all":false,"statementMap":{"0":{"start":{"line":1,"column":0},"end":{"line":1,"column":34}},"1":{"start":{"line":2,"column":0},"end":{"line":2,"column":0}},"2":{"start":{"line":3,"column":0},"end":{"line":3,"column":45}},"3":{"start":{"line":4,"column":0},"end":{"line":4,"column":46}},"4":{"start":{"line":5,"column":0},"end":{"line":5,"column":64}},"5":{"start":{"line":6,"column":0},"end":{"line":6,"column":0}},"6":{"start":{"line":7,"column":0},"end":{"line":7,"column":0}},"7":{"start":{"line":8,"column":0},"end":{"line":8,"column":0}},"8":{"start":{"line":9,"column":0},"end":{"line":9,"column":4}},"9":{"start":{"line":10,"column":0},"end":{"line":10,"column":265}},"10":{"start":{"line":11,"column":0},"end":{"line":11,"column":101}},"11":{"start":{"line":12,"column":0},"end":{"line":12,"column":29}},"12":{"start":{"line":13,"column":0},"end":{"line":13,"column":26}},"13":{"start":{"line":14,"column":0},"end":{"line":14,"column":18}},"14":{"start":{"line":15,"column":0},"end":{"line":15,"column":349}},"15":{"start":{"line":16,"column":0},"end":{"line":16,"column":3}},"16":{"start":{"line":17,"column":0},"end":{"line":17,"column":0}},"17":{"start":{"line":18,"column":0},"end":{"line":18,"column":35}},"18":{"start":{"line":19,"column":0},"end":{"line":19,"column":68}},"19":{"start":{"line":20,"column":0},"end":{"line":20,"column":29}},"20":{"start":{"line":21,"column":0},"end":{"line":21,"column":59}},"21":{"start":{"line":22,"column":0},"end":{"line":22,"column":5}},"22":{"start":{"line":23,"column":0},"end":{"line":23,"column":56}},"23":{"start":{"line":24,"column":0},"end":{"line":24,"column":48}},"24":{"start":{"line":25,"column":0},"end":{"line":25,"column":17}},"25":{"start":{"line":26,"column":0},"end":{"line":26,"column":3}},"26":{"start":{"line":27,"column":0},"end":{"line":27,"column":0}},"27":{"start":{"line":28,"column":0},"end":{"line":28,"column":41}},"28":{"start":{"line":29,"column":0},"end":{"line":29,"column":65}},"29":{"start":{"line":30,"column":0},"end":{"line":30,"column":3}},"30":{"start":{"line":31,"column":0},"end":{"line":31,"column":1}}},"s":{"0":1,"1":1,"2":1,"3":1,"4":1,"5":1,"6":1,"7":1,"8":1,"9":1,"10":1,"11":1,"12":1,"13":1,"14":1,"15":1,"16":1,"17":1,"18":1,"19":1,"20":0,"21":0,"22":1,"23":1,"24":1,"25":1,"26":1,"27":1,"28":1,"29":1,"30":1},"branchMap":{"0":{"type":"branch","line":19,"loc":{"start":{"line":19,"column":9},"end":{"line":26,"column":3}},"locations":[{"start":{"line":19,"column":9},"end":{"line":26,"column":3}}]},"1":{"type":"branch","line":20,"loc":{"start":{"line":20,"column":28},"end":{"line":22,"column":5}},"locations":[{"start":{"line":20,"column":28},"end":{"line":22,"column":5}}]},"2":{"type":"branch","line":28,"loc":{"start":{"line":28,"column":9},"end":{"line":30,"column":3}},"locations":[{"start":{"line":28,"column":9},"end":{"line":30,"column":3}}]},"3":{"type":"branch","line":29,"loc":{"start":{"line":29,"column":25},"end":{"line":29,"column":62}},"locations":[{"start":{"line":29,"column":25},"end":{"line":29,"column":62}}]}},"b":{"0":[1],"1":[0],"2":[1],"3":[2]},"fnMap":{"0":{"name":"placeOrder","decl":{"start":{"line":19,"column":9},"end":{"line":26,"column":3}},"loc":{"start":{"line":19,"column":9},"end":{"line":26,"column":3}},"line":19},"1":{"name":"total","decl":{"start":{"line":28,"column":9},"end":{"line":30,"column":3}},"loc":{"start":{"line":28,"column":9},"end":{"line":30,"column":3}},"line":28}},"f":{"0":1,"1":1}}
,"/home/fsantaniello/Documentos/fullcycle-ddd/src/domain/customer/entity/aggregate/customer.ts": {"path":"/home/fsantaniello/Documentos/fullcycle-ddd/src/domain/customer/entity/aggregate/customer.ts","all":false,"statementMap":{"0":{"start":{"line":1,"column":0},"end":{"line":1,"column":0}},"1":{"start":{"line":2,"column":0},"end":{"line":2,"column":3}},"2":{"start":{"line":3,"column":0},"end":{"line":3,"column":48}},"3":{"start":{"line":4,"column":0},"end":{"line":4,"column":91}},"4":{"start":{"line":5,"column":0},"end":{"line":5,"column":84}},"5":{"start":{"line":6,"column":0},"end":{"line":6,"column":59}},"6":{"start":{"line":7,"column":0},"end":{"line":7,"column":3}},"7":{"start":{"line":8,"column":0},"end":{"line":8,"column":19}},"8":{"start":{"line":9,"column":0},"end":{"line":9,"column":3}},"9":{"start":{"line":10,"column":0},"end":{"line":10,"column":27}},"10":{"start":{"line":11,"column":0},"end":{"line":11,"column":10}},"11":{"start":{"line":12,"column":0},"end":{"line":12,"column":18}},"12":{"start":{"line":13,"column":0},"end":{"line":13,"column":46}},"13":{"start":{"line":14,"column":0},"end":{"line":14,"column":3}},"14":{"start":{"line":15,"column":0},"end":{"line":15,"column":26}},"15":{"start":{"line":16,"column":0},"end":{"line":16,"column":25}},"16":{"start":{"line":17,"column":0},"end":{"line":17,"column":26}},"17":{"start":{"line":18,"column":0},"end":{"line":18,"column":69}},"18":{"start":{"line":19,"column":0},"end":{"line":19,"column":3}},"19":{"start":{"line":20,"column":0},"end":{"line":20,"column":0}},"20":{"start":{"line":21,"column":0},"end":{"line":21,"column":49}},"21":{"start":{"line":22,"column":0},"end":{"line":22,"column":0}},"22":{"start":{"line":23,"column":0},"end":{"line":23,"column":0}},"23":{"start":{"line":24,"column":0},"end":{"line":24,"column":0}},"24":{"start":{"line":25,"column":0},"end":{"line":25,"column":31}},"25":{"start":{"line":26,"column":0},"end":{"line":26,"column":36}},"26":{"start":{"line":27,"column":0},"end":{"line":27,"column":23}},"27":{"start":{"line":28,"column":0},"end":{"line":28,"column":25}},"28":{"start":{"line":29,"column":0},"end":{"line":29,"column":30}},"29":{"start":{"line":30,"column":0},"end":{"line":30,"column":36}},"30":{"start":{"line":31,"column":0},"end":{"line":31,"column":37}},"31":{"start":{"line":32,"column":0},"end":{"line":32,"column":0}},"32":{"start":{"line":33,"column":0},"end":{"line":33,"column":7}},"33":{"start":{"line":34,"column":0},"end":{"line":34,"column":84}},"34":{"start":{"line":35,"column":0},"end":{"line":35,"column":7}},"35":{"start":{"line":36,"column":0},"end":{"line":36,"column":42}},"36":{"start":{"line":37,"column":0},"end":{"line":37,"column":22}},"37":{"start":{"line":38,"column":0},"end":{"line":38,"column":34}},"38":{"start":{"line":39,"column":0},"end":{"line":39,"column":24}},"39":{"start":{"line":40,"column":0},"end":{"line":40,"column":5}},"40":{"start":{"line":41,"column":0},"end":{"line":41,"column":0}},"41":{"start":{"line":42,"column":0},"end":{"line":42,"column":22}},"42":{"start":{"line":43,"column":0},"end":{"line":43,"column":24}},"43":{"start":{"line":44,"column":0},"end":{"line":44,"column":7}},"44":{"start":{"line":45,"column":0},"end":{"line":45,"column":0}},"45":{"start":{"line":46,"column":0},"end":{"line":46,"column":24}},"46":{"start":{"line":47,"column":0},"end":{"line":47,"column":26}},"47":{"start":{"line":48,"column":0},"end":{"line":48,"column":5}},"48":{"start":{"line":49,"column":0},"end":{"line":49,"column":0}},"49":{"start":{"line":50,"column":0},"end":{"line":50,"column":32}},"50":{"start":{"line":51,"column":0},"end":{"line":51,"column":34}},"51":{"start":{"line":52,"column":0},"end":{"line":52,"column":7}},"52":{"start":{"line":53,"column":0},"end":{"line":53,"column":0}},"53":{"start":{"line":54,"column":0},"end":{"line":54,"column":28}},"54":{"start":{"line":55,"column":0},"end":{"line":55,"column":29}},"55":{"start":{"line":56,"column":0},"end":{"line":56,"column":7}},"56":{"start":{"line":57,"column":0},"end":{"line":57,"column":6}},"57":{"start":{"line":58,"column":0},"end":{"line":58,"column":37}},"58":{"start":{"line":59,"column":0},"end":{"line":59,"column":32}},"59":{"start":{"line":60,"column":0},"end":{"line":60,"column":5}},"60":{"start":{"line":61,"column":0},"end":{"line":61,"column":4}},"61":{"start":{"line":62,"column":0},"end":{"line":62,"column":0}},"62":{"start":{"line":63,"column":0},"end":{"line":63,"column":8}},"63":{"start":{"line":64,"column":0},"end":{"line":64,"column":47}},"64":{"start":{"line":65,"column":0},"end":{"line":65,"column":7}},"65":{"start":{"line":66,"column":0},"end":{"line":66,"column":15}},"66":{"start":{"line":67,"column":0},"end":{"line":67,"column":36}},"67":{"start":{"line":68,"column":0},"end":{"line":68,"column":52}},"68":{"start":{"line":69,"column":0},"end":{"line":69,"column":9}},"69":{"start":{"line":70,"column":0},"end":{"line":70,"column":34}},"70":{"start":{"line":71,"column":0},"end":{"line":71,"column":55}},"71":{"start":{"line":72,"column":0},"end":{"line":72,"column":17}},"72":{"start":{"line":73,"column":0},"end":{"line":73,"column":5}},"73":{"start":{"line":74,"column":0},"end":{"line":74,"column":0}},"74":{"start":{"line":75,"column":0},"end":{"line":75,"column":25}},"75":{"start":{"line":76,"column":0},"end":{"line":76,"column":28}},"76":{"start":{"line":77,"column":0},"end":{"line":77,"column":7}},"77":{"start":{"line":78,"column":0},"end":{"line":78,"column":0}},"78":{"start":{"line":79,"column":0},"end":{"line":79,"column":29}},"79":{"start":{"line":80,"column":0},"end":{"line":80,"column":34}},"80":{"start":{"line":81,"column":0},"end":{"line":81,"column":5}},"81":{"start":{"line":82,"column":0},"end":{"line":82,"column":0}},"82":{"start":{"line":83,"column":0},"end":{"line":83,"column":15}},"83":{"start":{"line":84,"column":0},"end":{"line":84,"column":40}},"84":{"start":{"line":85,"column":0},"end":{"line":85,"column":75}},"85":{"start":{"line":86,"column":0},"end":{"line":86,"column":9}},"86":{"start":{"line":87,"column":0},"end":{"line":87,"column":28}},"87":{"start":{"line":88,"column":0},"end":{"line":88,"column":5}},"88":{"start":{"line":89,"column":0},"end":{"line":89,"column":0}},"89":{"start":{"line":90,"column":0},"end":{"line":90,"column":37}},"90":{"start":{"line":91,"column":0},"end":{"line":91,"column":37}},"91":{"start":{"line":92,"column":0},"end":{"line":92,"column":7}},"92":{"start":{"line":93,"column":0},"end":{"line":93,"column":0}},"93":{"start":{"line":94,"column":0},"end":{"line":94,"column":17}},"94":{"start":{"line":95,"column":0},"end":{"line":95,"column":29}},"95":{"start":{"line":96,"column":0},"end":{"line":96,"column":5}},"96":{"start":{"line":97,"column":0},"end":{"line":97,"column":0}},"97":{"start":{"line":98,"column":0},"end":{"line":98,"column":35}},"98":{"start":{"line":99,"column":0},"end":{"line":99,"column":32}},"99":{"start":{"line":100,"column":0},"end":{"line":100,"column":7}},"100":{"start":{"line":101,"column":0},"end":{"line":101,"column":1}}},"s":{"0":1,"1":1,"2":1,"3":1,"4":1,"5":1,"6":1,"7":1,"8":1,"9":1,"10":1,"11":1,"12":1,"13":1,"14":1,"15":1,"16":1,"17":1,"18":1,"19":1,"20":1,"21":1,"22":1,"23":1,"24":1,"25":22,"26":22,"27":22,"28":22,"29":22,"30":22,"31":22,"32":22,"33":22,"34":22,"35":22,"36":22,"37":22,"38":22,"39":22,"40":22,"41":22,"42":15,"43":15,"44":22,"45":22,"46":16,"47":16,"48":22,"49":22,"50":14,"51":14,"52":22,"53":22,"54":46,"55":46,"56":22,"57":22,"58":9,"59":9,"60":22,"61":22,"62":22,"63":22,"64":22,"65":22,"66":22,"67":1,"68":1,"69":22,"70":1,"71":1,"72":22,"73":22,"74":22,"75":15,"76":15,"77":22,"78":22,"79":2,"80":2,"81":22,"82":22,"83":4,"84":1,"85":1,"86":3,"87":3,"88":22,"89":22,"90":5,"91":5,"92":22,"93":22,"94":1,"95":1,"96":22,"97":22,"98":6,"99":6,"100":22},"branchMap":{"0":{"type":"branch","line":25,"loc":{"start":{"line":25,"column":16},"end":{"line":101,"column":1}},"locations":[{"start":{"line":25,"column":16},"end":{"line":101,"column":1}}]},"1":{"type":"branch","line":36,"loc":{"start":{"line":36,"column":4},"end":{"line":40,"column":5}},"locations":[{"start":{"line":36,"column":4},"end":{"line":40,"column":5}}]},"2":{"type":"branch","line":42,"loc":{"start":{"line":42,"column":4},"end":{"line":44,"column":7}},"locations":[{"start":{"line":42,"column":4},"end":{"line":44,"column":7}}]},"3":{"type":"branch","line":46,"loc":{"start":{"line":46,"column":4},"end":{"line":48,"column":5}},"locations":[{"start":{"line":46,"column":4},"end":{"line":48,"column":5}}]},"4":{"type":"branch","line":50,"loc":{"start":{"line":50,"column":4},"end":{"line":52,"column":7}},"locations":[{"start":{"line":50,"column":4},"end":{"line":52,"column":7}}]},"5":{"type":"branch","line":54,"loc":{"start":{"line":54,"column":4},"end":{"line":56,"column":7}},"locations":[{"start":{"line":54,"column":4},"end":{"line":56,"column":7}}]},"6":{"type":"branch","line":58,"loc":{"start":{"line":58,"column":4},"end":{"line":60,"column":5}},"locations":[{"start":{"line":58,"column":4},"end":{"line":60,"column":5}}]},"7":{"type":"branch","line":66,"loc":{"start":{"line":66,"column":4},"end":{"line":73,"column":5}},"locations":[{"start":{"line":66,"column":4},"end":{"line":73,"column":5}}]},"8":{"type":"branch","line":67,"loc":{"start":{"line":67,"column":35},"end":{"line":69,"column":9}},"locations":[{"start":{"line":67,"column":35},"end":{"line":69,"column":9}}]},"9":{"type":"branch","line":69,"loc":{"start":{"line":69,"column":8},"end":{"line":70,"column":33}},"locations":[{"start":{"line":69,"column":8},"end":{"line":70,"column":33}}]},"10":{"type":"branch","line":70,"loc":{"start":{"line":70,"column":33},"end":{"line":72,"column":17}},"locations":[{"start":{"line":70,"column":33},"end":{"line":72,"column":17}}]},"11":{"type":"branch","line":75,"loc":{"start":{"line":75,"column":4},"end":{"line":77,"column":7}},"locations":[{"start":{"line":75,"column":4},"end":{"line":77,"column":7}}]},"12":{"type":"branch","line":79,"loc":{"start":{"line":79,"column":4},"end":{"line":81,"column":5}},"locations":[{"start":{"line":79,"column":4},"end":{"line":81,"column":5}}]},"13":{"type":"branch","line":83,"loc":{"start":{"line":83,"column":4},"end":{"line":88,"column":5}},"locations":[{"start":{"line":83,"column":4},"end":{"line":88,"column":5}}]},"14":{"type":"branch","line":84,"loc":{"start":{"line":84,"column":39},"end":{"line":88,"column":5}},"locations":[{"start":{"line":84,"column":39},"end":{"line":88,"column":5}}]},"15":{"type":"branch","line":84,"loc":{"start":{"line":84,"column":39},"end":{"line":86,"column":9}},"locations":[{"start":{"line":84,"column":39},"end":{"line":86,"column":9}}]},"16":{"type":"branch","line":90,"loc":{"start":{"line":90,"column":4},"end":{"line":92,"column":7}},"locations":[{"start":{"line":90,"column":4},"end":{"line":92,"column":7}}]},"17":{"type":"branch","line":94,"loc":{"start":{"line":94,"column":4},"end":{"line":96,"column":5}},"locations":[{"start":{"line":94,"column":4},"end":{"line":96,"column":5}}]},"18":{"type":"branch","line":98,"loc":{"start":{"line":98,"column":4},"end":{"line":100,"column":7}},"locations":[{"start":{"line":98,"column":4},"end":{"line":100,"column":7}}]}},"b":{"0":[22],"1":[22],"2":[15],"3":[16],"4":[14],"5":[46],"6":[9],"7":[22],"8":[1],"9":[21],"10":[1],"11":[15],"12":[2],"13":[4],"14":[3],"15":[1],"16":[5],"17":[1],"18":[6]},"fnMap":{"0":{"name":"<instance_members_initializer>","decl":{"start":{"line":25,"column":16},"end":{"line":101,"column":1}},"loc":{"start":{"line":25,"column":16},"end":{"line":101,"column":1}},"line":25},"1":{"name":"Customer","decl":{"start":{"line":36,"column":4},"end":{"line":40,"column":5}},"loc":{"start":{"line":36,"column":4},"end":{"line":40,"column":5}},"line":36},"2":{"name":"get id","decl":{"start":{"line":42,"column":4},"end":{"line":44,"column":7}},"loc":{"start":{"line":42,"column":4},"end":{"line":44,"column":7}},"line":42},"3":{"name":"get name","decl":{"start":{"line":46,"column":4},"end":{"line":48,"column":5}},"loc":{"start":{"line":46,"column":4},"end":{"line":48,"column":5}},"line":46},"4":{"name":"get rewardPoints","decl":{"start":{"line":50,"column":4},"end":{"line":52,"column":7}},"loc":{"start":{"line":50,"column":4},"end":{"line":52,"column":7}},"line":50},"5":{"name":"get Address","decl":{"start":{"line":54,"column":4},"end":{"line":56,"column":7}},"loc":{"start":{"line":54,"column":4},"end":{"line":56,"column":7}},"line":54},"6":{"name":"changeAddress","decl":{"start":{"line":58,"column":4},"end":{"line":60,"column":5}},"loc":{"start":{"line":58,"column":4},"end":{"line":60,"column":5}},"line":58},"7":{"name":"validate","decl":{"start":{"line":66,"column":4},"end":{"line":73,"column":5}},"loc":{"start":{"line":66,"column":4},"end":{"line":73,"column":5}},"line":66},"8":{"name":"isActive","decl":{"start":{"line":75,"column":4},"end":{"line":77,"column":7}},"loc":{"start":{"line":75,"column":4},"end":{"line":77,"column":7}},"line":75},"9":{"name":"changeName","decl":{"start":{"line":79,"column":4},"end":{"line":81,"column":5}},"loc":{"start":{"line":79,"column":4},"end":{"line":81,"column":5}},"line":79},"10":{"name":"activate","decl":{"start":{"line":83,"column":4},"end":{"line":88,"column":5}},"loc":{"start":{"line":83,"column":4},"end":{"line":88,"column":5}},"line":83},"11":{"name":"addRewardPoints","decl":{"start":{"line":90,"column":4},"end":{"line":92,"column":7}},"loc":{"start":{"line":90,"column":4},"end":{"line":92,"column":7}},"line":90},"12":{"name":"deactivate","decl":{"start":{"line":94,"column":4},"end":{"line":96,"column":5}},"loc":{"start":{"line":94,"column":4},"end":{"line":96,"column":5}},"line":94},"13":{"name":"set Address","decl":{"start":{"line":98,"column":4},"end":{"line":100,"column":7}},"loc":{"start":{"line":98,"column":4},"end":{"line":100,"column":7}},"line":98}},"f":{"0":22,"1":22,"2":15,"3":16,"4":14,"5":46,"6":9,"7":22,"8":15,"9":2,"10":4,"11":5,"12":1,"13":6}}
,"/home/fsantaniello/Documentos/fullcycle-ddd/src/domain/customer/event/customer-changed-address.event.ts": {"path":"/home/fsantaniello/Documentos/fullcycle-ddd/src/domain/customer/event/customer-changed-address.event.ts","all":false,"statementMap":{"0":{"start":{"line":1,"column":0},"end":{"line":1,"column":65}},"1":{"start":{"line":2,"column":0},"end":{"line":2,"column":0}},"2":{"start":{"line":3,"column":0},"end":{"line":3,"column":0}},"3":{"start":{"line":4,"column":0},"end":{"line":4,"column":75}},"4":{"start":{"line":5,"column":0},"end":{"line":5,"column":26}},"5":{"start":{"line":6,"column":0},"end":{"line":6,"column":19}},"6":{"start":{"line":7,"column":0},"end":{"line":7,"column":0}},"7":{"start":{"line":8,"column":0},"end":{"line":8,"column":32}},"8":{"start":{"line":9,"column":0},"end":{"line":9,"column":42}},"9":{"start":{"line":10,"column":0},"end":{"line":10,"column":35}},"10":{"start":{"line":11,"column":0},"end":{"line":11,"column":5}},"11":{"start":{"line":12,"column":0},"end":{"line":12,"column":1}}},"s":{"0":1,"1":1,"2":1,"3":1,"4":1,"5":1,"6":1,"7":1,"8":1,"9":1,"10":1,"11":1},"branchMap":{"0":{"type":"branch","line":4,"loc":{"start":{"line":4,"column":15},"end":{"line":12,"column":1}},"locations":[{"start":{"line":4,"column":15},"end":{"line":12,"column":1}}]},"1":{"type":"branch","line":8,"loc":{"start":{"line":8,"column":4},"end":{"line":11,"column":5}},"locations":[{"start":{"line":8,"column":4},"end":{"line":11,"column":5}}]}},"b":{"0":[1],"1":[1]},"fnMap":{"0":{"name":"<instance_members_initializer>","decl":{"start":{"line":4,"column":15},"end":{"line":12,"column":1}},"loc":{"start":{"line":4,"column":15},"end":{"line":12,"column":1}},"line":4},"1":{"name":"CustomerChangedAddressEvent","decl":{"start":{"line":8,"column":4},"end":{"line":11,"column":5}},"loc":{"start":{"line":8,"column":4},"end":{"line":11,"column":5}},"line":8}},"f":{"0":1,"1":1}}
,"/home/fsantaniello/Documentos/fullcycle-ddd/src/domain/customer/event/customer-created.event.ts": {"path":"/home/fsantaniello/Documentos/fullcycle-ddd/src/domain/customer/event/customer-created.event.ts","all":false,"statementMap":{"0":{"start":{"line":1,"column":0},"end":{"line":1,"column":65}},"1":{"start":{"line":2,"column":0},"end":{"line":2,"column":0}},"2":{"start":{"line":3,"column":0},"end":{"line":3,"column":0}},"3":{"start":{"line":4,"column":0},"end":{"line":4,"column":68}},"4":{"start":{"line":5,"column":0},"end":{"line":5,"column":26}},"5":{"start":{"line":6,"column":0},"end":{"line":6,"column":19}},"6":{"start":{"line":7,"column":0},"end":{"line":7,"column":0}},"7":{"start":{"line":8,"column":0},"end":{"line":8,"column":32}},"8":{"start":{"line":9,"column":0},"end":{"line":9,"column":42}},"9":{"start":{"line":10,"column":0},"end":{"line":10,"column":35}},"10":{"start":{"line":11,"column":0},"end":{"line":11,"column":5}},"11":{"start":{"line":12,"column":0},"end":{"line":12,"column":0}},"12":{"start":{"line":13,"column":0},"end":{"line":13,"column":1}}},"s":{"0":1,"1":1,"2":1,"3":1,"4":1,"5":1,"6":1,"7":1,"8":1,"9":1,"10":1,"11":1,"12":1},"branchMap":{"0":{"type":"branch","line":4,"loc":{"start":{"line":4,"column":15},"end":{"line":13,"column":1}},"locations":[{"start":{"line":4,"column":15},"end":{"line":13,"column":1}}]},"1":{"type":"branch","line":8,"loc":{"start":{"line":8,"column":4},"end":{"line":11,"column":5}},"locations":[{"start":{"line":8,"column":4},"end":{"line":11,"column":5}}]}},"b":{"0":[1],"1":[1]},"fnMap":{"0":{"name":"<instance_members_initializer>","decl":{"start":{"line":4,"column":15},"end":{"line":13,"column":1}},"loc":{"start":{"line":4,"column":15},"end":{"line":13,"column":1}},"line":4},"1":{"name":"CustomerCreatedEvent","decl":{"start":{"line":8,"column":4},"end":{"line":11,"column":5}},"loc":{"start":{"line":8,"column":4},"end":{"line":11,"column":5}},"line":8}},"f":{"0":1,"1":1}}
,"/home/fsantaniello/Documentos/fullcycle-ddd/src/domain/customer/event/handler/print-log1-when-customer-is-created.handler.ts": {"path":"/home/fsantaniello/Documentos/fullcycle-ddd/src/domain/customer/event/handler/print-log1-when-customer-is-created.handler.ts","all":false,"statementMap":{"0":{"start":{"line":1,"column":0},"end":{"line":1,"column":83}},"1":{"start":{"line":2,"column":0},"end":{"line":2,"column":61}},"2":{"start":{"line":3,"column":0},"end":{"line":3,"column":0}},"3":{"start":{"line":4,"column":0},"end":{"line":4,"column":0}},"4":{"start":{"line":5,"column":0},"end":{"line":5,"column":59}},"5":{"start":{"line":6,"column":0},"end":{"line":6,"column":55}},"6":{"start":{"line":7,"column":0},"end":{"line":7,"column":47}},"7":{"start":{"line":8,"column":0},"end":{"line":8,"column":80}},"8":{"start":{"line":9,"column":0},"end":{"line":9,"column":9}},"9":{"start":{"line":10,"column":0},"end":{"line":10,"column":1}}},"s":{"0":1,"1":1,"2":1,"3":1,"4":1,"5":1,"6":1,"7":1,"8":1,"9":1},"branchMap":{"0":{"type":"branch","line":7,"loc":{"start":{"line":7,"column":4},"end":{"line":9,"column":9}},"locations":[{"start":{"line":7,"column":4},"end":{"line":9,"column":9}}]}},"b":{"0":[1]},"fnMap":{"0":{"name":"handle","decl":{"start":{"line":7,"column":4},"end":{"line":9,"column":9}},"loc":{"start":{"line":7,"column":4},"end":{"line":9,"column":9}},"line":7}},"f":{"0":1}}
,"/home/fsantaniello/Documentos/fullcycle-ddd/src/domain/customer/event/handler/print-log2-when-customer-is-created.handler.ts": {"path":"/home/fsantaniello/Documentos/fullcycle-ddd/src/domain/customer/event/handler/print-log2-when-customer-is-created.handler.ts","all":false,"statementMap":{"0":{"start":{"line":1,"column":0},"end":{"line":1,"column":83}},"1":{"start":{"line":2,"column":0},"end":{"line":2,"column":61}},"2":{"start":{"line":3,"column":0},"end":{"line":3,"column":0}},"3":{"start":{"line":4,"column":0},"end":{"line":4,"column":59}},"4":{"start":{"line":5,"column":0},"end":{"line":5,"column":55}},"5":{"start":{"line":6,"column":0},"end":{"line":6,"column":47}},"6":{"start":{"line":7,"column":0},"end":{"line":7,"column":79}},"7":{"start":{"line":8,"column":0},"end":{"line":8,"column":5}},"8":{"start":{"line":9,"column":0},"end":{"line":9,"column":1}}},"s":{"0":1,"1":1,"2":1,"3":1,"4":1,"5":1,"6":1,"7":1,"8":1},"branchMap":{"0":{"type":"branch","line":6,"loc":{"start":{"line":6,"column":4},"end":{"line":8,"column":5}},"locations":[{"start":{"line":6,"column":4},"end":{"line":8,"column":5}}]}},"b":{"0":[1]},"fnMap":{"0":{"name":"handle","decl":{"start":{"line":6,"column":4},"end":{"line":8,"column":5}},"loc":{"start":{"line":6,"column":4},"end":{"line":8,"column":5}},"line":6}},"f":{"0":1}}
,"/home/fsantaniello/Documentos/fullcycle-ddd/src/domain/customer/event/handler/print-log3-when-customer-address-is-changed.handler.ts": {"path":"/home/fsantaniello/Documentos/fullcycle-ddd/src/domain/customer/event/handler/print-log3-when-customer-address-is-changed.handler.ts","all":false,"statementMap":{"0":{"start":{"line":1,"column":0},"end":{"line":1,"column":83}},"1":{"start":{"line":2,"column":0},"end":{"line":2,"column":76}},"2":{"start":{"line":3,"column":0},"end":{"line":3,"column":0}},"3":{"start":{"line":4,"column":0},"end":{"line":4,"column":66}},"4":{"start":{"line":5,"column":0},"end":{"line":5,"column":62}},"5":{"start":{"line":6,"column":0},"end":{"line":6,"column":54}},"6":{"start":{"line":7,"column":0},"end":{"line":7,"column":56}},"7":{"start":{"line":8,"column":0},"end":{"line":8,"column":60}},"8":{"start":{"line":9,"column":0},"end":{"line":9,"column":68}},"9":{"start":{"line":10,"column":0},"end":{"line":10,"column":0}},"10":{"start":{"line":11,"column":0},"end":{"line":11,"column":86}},"11":{"start":{"line":12,"column":0},"end":{"line":12,"column":0}},"12":{"start":{"line":13,"column":0},"end":{"line":13,"column":5}},"13":{"start":{"line":14,"column":0},"end":{"line":14,"column":1}}},"s":{"0":1,"1":1,"2":1,"3":1,"4":1,"5":1,"6":1,"7":1,"8":1,"9":1,"10":1,"11":1,"12":1,"13":1},"branchMap":{"0":{"type":"branch","line":6,"loc":{"start":{"line":6,"column":4},"end":{"line":13,"column":5}},"locations":[{"start":{"line":6,"column":4},"end":{"line":13,"column":5}}]},"1":{"type":"branch","line":7,"loc":{"start":{"line":7,"column":37},"end":{"line":7,"column":56}},"locations":[{"start":{"line":7,"column":37},"end":{"line":7,"column":56}}]},"2":{"type":"branch","line":8,"loc":{"start":{"line":8,"column":41},"end":{"line":8,"column":60}},"locations":[{"start":{"line":8,"column":41},"end":{"line":8,"column":60}}]},"3":{"type":"branch","line":9,"loc":{"start":{"line":9,"column":49},"end":{"line":9,"column":68}},"locations":[{"start":{"line":9,"column":49},"end":{"line":9,"column":68}}]}},"b":{"0":[1],"1":[0],"2":[0],"3":[0]},"fnMap":{"0":{"name":"handle","decl":{"start":{"line":6,"column":4},"end":{"line":13,"column":5}},"loc":{"start":{"line":6,"column":4},"end":{"line":13,"column":5}},"line":6}},"f":{"0":1}}
,"/home/fsantaniello/Documentos/fullcycle-ddd/src/domain/customer/factory/customer.factory.ts": {"path":"/home/fsantaniello/Documentos/fullcycle-ddd/src/domain/customer/factory/customer.factory.ts","all":false,"statementMap":{"0":{"start":{"line":1,"column":0},"end":{"line":1,"column":0}},"1":{"start":{"line":2,"column":0},"end":{"line":2,"column":34}},"2":{"start":{"line":3,"column":0},"end":{"line":3,"column":46}},"3":{"start":{"line":4,"column":0},"end":{"line":4,"column":52}},"4":{"start":{"line":5,"column":0},"end":{"line":5,"column":0}},"5":{"start":{"line":6,"column":0},"end":{"line":6,"column":38}},"6":{"start":{"line":7,"column":0},"end":{"line":7,"column":48}},"7":{"start":{"line":8,"column":0},"end":{"line":8,"column":38}},"8":{"start":{"line":9,"column":0},"end":{"line":9,"column":3}},"9":{"start":{"line":10,"column":0},"end":{"line":10,"column":0}},"10":{"start":{"line":11,"column":0},"end":{"line":11,"column":77}},"11":{"start":{"line":12,"column":0},"end":{"line":12,"column":48}},"12":{"start":{"line":13,"column":0},"end":{"line":13,"column":36}},"13":{"start":{"line":14,"column":0},"end":{"line":14,"column":20}},"14":{"start":{"line":15,"column":0},"end":{"line":15,"column":3}},"15":{"start":{"line":16,"column":0},"end":{"line":16,"column":1}}},"s":{"0":1,"1":1,"2":1,"3":1,"4":1,"5":1,"6":1,"7":1,"8":1,"9":1,"10":1,"11":1,"12":1,"13":1,"14":1,"15":1},"branchMap":{"0":{"type":"branch","line":7,"loc":{"start":{"line":7,"column":16},"end":{"line":9,"column":3}},"locations":[{"start":{"line":7,"column":16},"end":{"line":9,"column":3}}]},"1":{"type":"branch","line":11,"loc":{"start":{"line":11,"column":16},"end":{"line":15,"column":3}},"locations":[{"start":{"line":11,"column":16},"end":{"line":15,"column":3}}]}},"b":{"0":[1],"1":[1]},"fnMap":{"0":{"name":"create","decl":{"start":{"line":7,"column":16},"end":{"line":9,"column":3}},"loc":{"start":{"line":7,"column":16},"end":{"line":9,"column":3}},"line":7},"1":{"name":"createWithAddress","decl":{"start":{"line":11,"column":16},"end":{"line":15,"column":3}},"loc":{"start":{"line":11,"column":16},"end":{"line":15,"column":3}},"line":11}},"f":{"0":1,"1":1}}
,"/home/fsantaniello/Documentos/fullcycle-ddd/src/domain/customer/value-object/address.ts": {"path":"/home/fsantaniello/Documentos/fullcycle-ddd/src/domain/customer/value-object/address.ts","all":false,"statementMap":{"0":{"start":{"line":1,"column":0},"end":{"line":1,"column":31}},"1":{"start":{"line":2,"column":0},"end":{"line":2,"column":25}},"2":{"start":{"line":3,"column":0},"end":{"line":3,"column":24}},"3":{"start":{"line":4,"column":0},"end":{"line":4,"column":22}},"4":{"start":{"line":5,"column":0},"end":{"line":5,"column":23}},"5":{"start":{"line":6,"column":0},"end":{"line":6,"column":2}},"6":{"start":{"line":7,"column":0},"end":{"line":7,"column":76}},"7":{"start":{"line":8,"column":0},"end":{"line":8,"column":28}},"8":{"start":{"line":9,"column":0},"end":{"line":9,"column":28}},"9":{"start":{"line":10,"column":0},"end":{"line":10,"column":22}},"10":{"start":{"line":11,"column":0},"end":{"line":11,"column":26}},"11":{"start":{"line":12,"column":0},"end":{"line":12,"column":22}},"12":{"start":{"line":13,"column":0},"end":{"line":13,"column":5}},"13":{"start":{"line":14,"column":0},"end":{"line":14,"column":2}},"14":{"start":{"line":15,"column":0},"end":{"line":15,"column":26}},"15":{"start":{"line":16,"column":0},"end":{"line":16,"column":26}},"16":{"start":{"line":17,"column":0},"end":{"line":17,"column":5}},"17":{"start":{"line":18,"column":0},"end":{"line":18,"column":2}},"18":{"start":{"line":19,"column":0},"end":{"line":19,"column":26}},"19":{"start":{"line":20,"column":0},"end":{"line":20,"column":26}},"20":{"start":{"line":21,"column":0},"end":{"line":21,"column":5}},"21":{"start":{"line":22,"column":0},"end":{"line":22,"column":2}},"22":{"start":{"line":23,"column":0},"end":{"line":23,"column":23}},"23":{"start":{"line":24,"column":0},"end":{"line":24,"column":23}},"24":{"start":{"line":25,"column":0},"end":{"line":25,"column":5}},"25":{"start":{"line":26,"column":0},"end":{"line":26,"column":2}},"26":{"start":{"line":27,"column":0},"end":{"line":27,"column":24}},"27":{"start":{"line":28,"column":0},"end":{"line":28,"column":24}},"28":{"start":{"line":29,"column":0},"end":{"line":29,"column":5}},"29":{"start":{"line":30,"column":0},"end":{"line":30,"column":4}},"30":{"start":{"line":31,"column":0},"end":{"line":31,"column":16}},"31":{"start":{"line":32,"column":0},"end":{"line":32,"column":38}},"32":{"start":{"line":33,"column":0},"end":{"line":33,"column":46}},"33":{"start":{"line":34,"column":0},"end":{"line":34,"column":7}},"34":{"start":{"line":35,"column":0},"end":{"line":35,"column":31}},"35":{"start":{"line":36,"column":0},"end":{"line":36,"column":46}},"36":{"start":{"line":37,"column":0},"end":{"line":37,"column":7}},"37":{"start":{"line":38,"column":0},"end":{"line":38,"column":35}},"38":{"start":{"line":39,"column":0},"end":{"line":39,"column":43}},"39":{"start":{"line":40,"column":0},"end":{"line":40,"column":7}},"40":{"start":{"line":41,"column":0},"end":{"line":41,"column":36}},"41":{"start":{"line":42,"column":0},"end":{"line":42,"column":44}},"42":{"start":{"line":43,"column":0},"end":{"line":43,"column":7}},"43":{"start":{"line":44,"column":0},"end":{"line":44,"column":5}},"44":{"start":{"line":45,"column":0},"end":{"line":45,"column":2}},"45":{"start":{"line":46,"column":0},"end":{"line":46,"column":16}},"46":{"start":{"line":47,"column":0},"end":{"line":47,"column":76}},"47":{"start":{"line":48,"column":0},"end":{"line":48,"column":5}},"48":{"start":{"line":49,"column":0},"end":{"line":49,"column":3}}},"s":{"0":1,"1":14,"2":14,"3":14,"4":14,"5":14,"6":14,"7":14,"8":14,"9":14,"10":14,"11":14,"12":14,"13":14,"14":14,"15":13,"16":13,"17":14,"18":14,"19":13,"20":13,"21":14,"22":14,"23":13,"24":13,"25":14,"26":14,"27":13,"28":13,"29":14,"30":14,"31":14,"32":0,"33":0,"34":14,"35":0,"36":0,"37":14,"38":0,"39":0,"40":14,"41":0,"42":0,"43":14,"44":14,"45":14,"46":0,"47":0,"48":14},"branchMap":{"0":{"type":"branch","line":1,"loc":{"start":{"line":1,"column":16},"end":{"line":49,"column":3}},"locations":[{"start":{"line":1,"column":16},"end":{"line":49,"column":3}}]},"1":{"type":"branch","line":7,"loc":{"start":{"line":7,"column":4},"end":{"line":13,"column":5}},"locations":[{"start":{"line":7,"column":4},"end":{"line":13,"column":5}}]},"2":{"type":"branch","line":15,"loc":{"start":{"line":15,"column":4},"end":{"line":17,"column":5}},"locations":[{"start":{"line":15,"column":4},"end":{"line":17,"column":5}}]},"3":{"type":"branch","line":19,"loc":{"start":{"line":19,"column":4},"end":{"line":21,"column":5}},"locations":[{"start":{"line":19,"column":4},"end":{"line":21,"column":5}}]},"4":{"type":"branch","line":23,"loc":{"start":{"line":23,"column":4},"end":{"line":25,"column":5}},"locations":[{"start":{"line":23,"column":4},"end":{"line":25,"column":5}}]},"5":{"type":"branch","line":27,"loc":{"start":{"line":27,"column":4},"end":{"line":29,"column":5}},"locations":[{"start":{"line":27,"column":4},"end":{"line":29,"column":5}}]},"6":{"type":"branch","line":31,"loc":{"start":{"line":31,"column":4},"end":{"line":44,"column":5}},"locations":[{"start":{"line":31,"column":4},"end":{"line":44,"column":5}}]},"7":{"type":"branch","line":32,"loc":{"start":{"line":32,"column":37},"end":{"line":34,"column":7}},"locations":[{"start":{"line":32,"column":37},"end":{"line":34,"column":7}}]},"8":{"type":"branch","line":35,"loc":{"start":{"line":35,"column":30},"end":{"line":37,"column":7}},"locations":[{"start":{"line":35,"column":30},"end":{"line":37,"column":7}}]},"9":{"type":"branch","line":38,"loc":{"start":{"line":38,"column":34},"end":{"line":40,"column":7}},"locations":[{"start":{"line":38,"column":34},"end":{"line":40,"column":7}}]},"10":{"type":"branch","line":41,"loc":{"start":{"line":41,"column":35},"end":{"line":43,"column":7}},"locations":[{"start":{"line":41,"column":35},"end":{"line":43,"column":7}}]}},"b":{"0":[14],"1":[14],"2":[13],"3":[13],"4":[13],"5":[13],"6":[14],"7":[0],"8":[0],"9":[0],"10":[0]},"fnMap":{"0":{"name":"<instance_members_initializer>","decl":{"start":{"line":1,"column":16},"end":{"line":49,"column":3}},"loc":{"start":{"line":1,"column":16},"end":{"line":49,"column":3}},"line":1},"1":{"name":"Address","decl":{"start":{"line":7,"column":4},"end":{"line":13,"column":5}},"loc":{"start":{"line":7,"column":4},"end":{"line":13,"column":5}},"line":7},"2":{"name":"get street","decl":{"start":{"line":15,"column":4},"end":{"line":17,"column":5}},"loc":{"start":{"line":15,"column":4},"end":{"line":17,"column":5}},"line":15},"3":{"name":"get number","decl":{"start":{"line":19,"column":4},"end":{"line":21,"column":5}},"loc":{"start":{"line":19,"column":4},"end":{"line":21,"column":5}},"line":19},"4":{"name":"get zip","decl":{"start":{"line":23,"column":4},"end":{"line":25,"column":5}},"loc":{"start":{"line":23,"column":4},"end":{"line":25,"column":5}},"line":23},"5":{"name":"get city","decl":{"start":{"line":27,"column":4},"end":{"line":29,"column":5}},"loc":{"start":{"line":27,"column":4},"end":{"line":29,"column":5}},"line":27},"6":{"name":"validate","decl":{"start":{"line":31,"column":4},"end":{"line":44,"column":5}},"loc":{"start":{"line":31,"column":4},"end":{"line":44,"column":5}},"line":31},"7":{"name":"toString","decl":{"start":{"line":46,"column":4},"end":{"line":48,"column":5}},"loc":{"start":{"line":46,"column":4},"end":{"line":48,"column":5}},"line":46}},"f":{"0":14,"1":14,"2":13,"3":13,"4":13,"5":13,"6":14,"7":0}}
,"/home/fsantaniello/Documentos/fullcycle-ddd/src/domain/product/entity/aggregate/product-b.ts": {"path":"/home/fsantaniello/Documentos/fullcycle-ddd/src/domain/product/entity/aggregate/product-b.ts","all":false,"statementMap":{"0":{"start":{"line":1,"column":0},"end":{"line":1,"column":51}},"1":{"start":{"line":2,"column":0},"end":{"line":2,"column":0}},"2":{"start":{"line":3,"column":0},"end":{"line":3,"column":59}},"3":{"start":{"line":4,"column":0},"end":{"line":4,"column":22}},"4":{"start":{"line":5,"column":0},"end":{"line":5,"column":24}},"5":{"start":{"line":6,"column":0},"end":{"line":6,"column":25}},"6":{"start":{"line":7,"column":0},"end":{"line":7,"column":0}},"7":{"start":{"line":8,"column":0},"end":{"line":8,"column":56}},"8":{"start":{"line":9,"column":0},"end":{"line":9,"column":18}},"9":{"start":{"line":10,"column":0},"end":{"line":10,"column":22}},"10":{"start":{"line":11,"column":0},"end":{"line":11,"column":24}},"11":{"start":{"line":12,"column":0},"end":{"line":12,"column":20}},"12":{"start":{"line":13,"column":0},"end":{"line":13,"column":3}},"13":{"start":{"line":14,"column":0},"end":{"line":14,"column":0}},"14":{"start":{"line":15,"column":0},"end":{"line":15,"column":20}},"15":{"start":{"line":16,"column":0},"end":{"line":16,"column":20}},"16":{"start":{"line":17,"column":0},"end":{"line":17,"column":3}},"17":{"start":{"line":18,"column":0},"end":{"line":18,"column":0}},"18":{"start":{"line":19,"column":0},"end":{"line":19,"column":22}},"19":{"start":{"line":20,"column":0},"end":{"line":20,"column":22}},"20":{"start":{"line":21,"column":0},"end":{"line":21,"column":3}},"21":{"start":{"line":22,"column":0},"end":{"line":22,"column":0}},"22":{"start":{"line":23,"column":0},"end":{"line":23,"column":23}},"23":{"start":{"line":24,"column":0},"end":{"line":24,"column":27}},"24":{"start":{"line":25,"column":0},"end":{"line":25,"column":3}},"25":{"start":{"line":26,"column":0},"end":{"line":26,"column":0}},"26":{"start":{"line":27,"column":0},"end":{"line":27,"column":34}},"27":{"start":{"line":28,"column":0},"end":{"line":28,"column":22}},"28":{"start":{"line":29,"column":0},"end":{"line":29,"column":20}},"29":{"start":{"line":30,"column":0},"end":{"line":30,"column":3}},"30":{"start":{"line":31,"column":0},"end":{"line":31,"column":0}},"31":{"start":{"line":32,"column":0},"end":{"line":32,"column":36}},"32":{"start":{"line":33,"column":0},"end":{"line":33,"column":24}},"33":{"start":{"line":34,"column":0},"end":{"line":34,"column":20}},"34":{"start":{"line":35,"column":0},"end":{"line":35,"column":3}},"35":{"start":{"line":36,"column":0},"end":{"line":36,"column":0}},"36":{"start":{"line":37,"column":0},"end":{"line":37,"column":23}},"37":{"start":{"line":38,"column":0},"end":{"line":38,"column":32}},"38":{"start":{"line":39,"column":0},"end":{"line":39,"column":40}},"39":{"start":{"line":40,"column":0},"end":{"line":40,"column":5}},"40":{"start":{"line":41,"column":0},"end":{"line":41,"column":34}},"41":{"start":{"line":42,"column":0},"end":{"line":42,"column":42}},"42":{"start":{"line":43,"column":0},"end":{"line":43,"column":5}},"43":{"start":{"line":44,"column":0},"end":{"line":44,"column":26}},"44":{"start":{"line":45,"column":0},"end":{"line":45,"column":57}},"45":{"start":{"line":46,"column":0},"end":{"line":46,"column":5}},"46":{"start":{"line":47,"column":0},"end":{"line":47,"column":16}},"47":{"start":{"line":48,"column":0},"end":{"line":48,"column":3}},"48":{"start":{"line":49,"column":0},"end":{"line":49,"column":1}}},"s":{"0":1,"1":1,"2":1,"3":1,"4":1,"5":1,"6":1,"7":1,"8":1,"9":1,"10":1,"11":1,"12":1,"13":1,"14":1,"15":1,"16":1,"17":1,"18":1,"19":1,"20":1,"21":1,"22":1,"23":1,"24":1,"25":1,"26":1,"27":0,"28":0,"29":0,"30":1,"31":1,"32":0,"33":0,"34":0,"35":1,"36":1,"37":1,"38":0,"39":0,"40":1,"41":0,"42":0,"43":1,"44":0,"45":0,"46":1,"47":1,"48":1},"branchMap":{"0":{"type":"branch","line":3,"loc":{"start":{"line":3,"column":15},"end":{"line":49,"column":1}},"locations":[{"start":{"line":3,"column":15},"end":{"line":49,"column":1}}]},"1":{"type":"branch","line":8,"loc":{"start":{"line":8,"column":2},"end":{"line":13,"column":3}},"locations":[{"start":{"line":8,"column":2},"end":{"line":13,"column":3}}]},"2":{"type":"branch","line":15,"loc":{"start":{"line":15,"column":2},"end":{"line":17,"column":3}},"locations":[{"start":{"line":15,"column":2},"end":{"line":17,"column":3}}]},"3":{"type":"branch","line":19,"loc":{"start":{"line":19,"column":2},"end":{"line":21,"column":3}},"locations":[{"start":{"line":19,"column":2},"end":{"line":21,"column":3}}]},"4":{"type":"branch","line":23,"loc":{"start":{"line":23,"column":2},"end":{"line":25,"column":3}},"locations":[{"start":{"line":23,"column":2},"end":{"line":25,"column":3}}]},"5":{"type":"branch","line":37,"loc":{"start":{"line":37,"column":2},"end":{"line":48,"column":3}},"locations":[{"start":{"line":37,"column":2},"end":{"line":48,"column":3}}]},"6":{"type":"branch","line":38,"loc":{"start":{"line":38,"column":31},"end":{"line":40,"column":5}},"locations":[{"start":{"line":38,"column":31},"end":{"line":40,"column":5}}]},"7":{"type":"branch","line":41,"loc":{"start":{"line":41,"column":33},"end":{"line":43,"column":5}},"locations":[{"start":{"line":41,"column":33},"end":{"line":43,"column":5}}]},"8":{"type":"branch","line":44,"loc":{"start":{"line":44,"column":25},"end":{"line":46,"column":5}},"locations":[{"start":{"line":44,"column":25},"end":{"line":46,"column":5}}]}},"b":{"0":[1],"1":[1],"2":[1],"3":[1],"4":[1],"5":[1],"6":[0],"7":[0],"8":[0]},"fnMap":{"0":{"name":"<instance_members_initializer>","decl":{"start":{"line":3,"column":15},"end":{"line":49,"column":1}},"loc":{"start":{"line":3,"column":15},"end":{"line":49,"column":1}},"line":3},"1":{"name":"ProductB","decl":{"start":{"line":8,"column":2},"end":{"line":13,"column":3}},"loc":{"start":{"line":8,"column":2},"end":{"line":13,"column":3}},"line":8},"2":{"name":"get id","decl":{"start":{"line":15,"column":2},"end":{"line":17,"column":3}},"loc":{"start":{"line":15,"column":2},"end":{"line":17,"column":3}},"line":15},"3":{"name":"get name","decl":{"start":{"line":19,"column":2},"end":{"line":21,"column":3}},"loc":{"start":{"line":19,"column":2},"end":{"line":21,"column":3}},"line":19},"4":{"name":"get price","decl":{"start":{"line":23,"column":2},"end":{"line":25,"column":3}},"loc":{"start":{"line":23,"column":2},"end":{"line":25,"column":3}},"line":23},"5":{"name":"changeName","decl":{"start":{"line":27,"column":2},"end":{"line":30,"column":3}},"loc":{"start":{"line":27,"column":2},"end":{"line":30,"column":3}},"line":27},"6":{"name":"changePrice","decl":{"start":{"line":32,"column":2},"end":{"line":35,"column":3}},"loc":{"start":{"line":32,"column":2},"end":{"line":35,"column":3}},"line":32},"7":{"name":"validate","decl":{"start":{"line":37,"column":2},"end":{"line":48,"column":3}},"loc":{"start":{"line":37,"column":2},"end":{"line":48,"column":3}},"line":37}},"f":{"0":1,"1":1,"2":1,"3":1,"4":1,"5":0,"6":0,"7":1}}
,"/home/fsantaniello/Documentos/fullcycle-ddd/src/domain/product/entity/aggregate/product.ts": {"path":"/home/fsantaniello/Documentos/fullcycle-ddd/src/domain/product/entity/aggregate/product.ts","all":false,"statementMap":{"0":{"start":{"line":1,"column":0},"end":{"line":1,"column":51}},"1":{"start":{"line":2,"column":0},"end":{"line":2,"column":0}},"2":{"start":{"line":3,"column":0},"end":{"line":3,"column":58}},"3":{"start":{"line":4,"column":0},"end":{"line":4,"column":22}},"4":{"start":{"line":5,"column":0},"end":{"line":5,"column":24}},"5":{"start":{"line":6,"column":0},"end":{"line":6,"column":25}},"6":{"start":{"line":7,"column":0},"end":{"line":7,"column":0}},"7":{"start":{"line":8,"column":0},"end":{"line":8,"column":56}},"8":{"start":{"line":9,"column":0},"end":{"line":9,"column":18}},"9":{"start":{"line":10,"column":0},"end":{"line":10,"column":22}},"10":{"start":{"line":11,"column":0},"end":{"line":11,"column":24}},"11":{"start":{"line":12,"column":0},"end":{"line":12,"column":20}},"12":{"start":{"line":13,"column":0},"end":{"line":13,"column":3}},"13":{"start":{"line":14,"column":0},"end":{"line":14,"column":0}},"14":{"start":{"line":15,"column":0},"end":{"line":15,"column":20}},"15":{"start":{"line":16,"column":0},"end":{"line":16,"column":20}},"16":{"start":{"line":17,"column":0},"end":{"line":17,"column":3}},"17":{"start":{"line":18,"column":0},"end":{"line":18,"column":2}},"18":{"start":{"line":19,"column":0},"end":{"line":19,"column":22}},"19":{"start":{"line":20,"column":0},"end":{"line":20,"column":22}},"20":{"start":{"line":21,"column":0},"end":{"line":21,"column":3}},"21":{"start":{"line":22,"column":0},"end":{"line":22,"column":0}},"22":{"start":{"line":23,"column":0},"end":{"line":23,"column":23}},"23":{"start":{"line":24,"column":0},"end":{"line":24,"column":23}},"24":{"start":{"line":25,"column":0},"end":{"line":25,"column":3}},"25":{"start":{"line":26,"column":0},"end":{"line":26,"column":0}},"26":{"start":{"line":27,"column":0},"end":{"line":27,"column":34}},"27":{"start":{"line":28,"column":0},"end":{"line":28,"column":22}},"28":{"start":{"line":29,"column":0},"end":{"line":29,"column":20}},"29":{"start":{"line":30,"column":0},"end":{"line":30,"column":3}},"30":{"start":{"line":31,"column":0},"end":{"line":31,"column":0}},"31":{"start":{"line":32,"column":0},"end":{"line":32,"column":36}},"32":{"start":{"line":33,"column":0},"end":{"line":33,"column":24}},"33":{"start":{"line":34,"column":0},"end":{"line":34,"column":20}},"34":{"start":{"line":35,"column":0},"end":{"line":35,"column":3}},"35":{"start":{"line":36,"column":0},"end":{"line":36,"column":0}},"36":{"start":{"line":37,"column":0},"end":{"line":37,"column":23}},"37":{"start":{"line":38,"column":0},"end":{"line":38,"column":32}},"38":{"start":{"line":39,"column":0},"end":{"line":39,"column":40}},"39":{"start":{"line":40,"column":0},"end":{"line":40,"column":5}},"40":{"start":{"line":41,"column":0},"end":{"line":41,"column":34}},"41":{"start":{"line":42,"column":0},"end":{"line":42,"column":42}},"42":{"start":{"line":43,"column":0},"end":{"line":43,"column":5}},"43":{"start":{"line":44,"column":0},"end":{"line":44,"column":26}},"44":{"start":{"line":45,"column":0},"end":{"line":45,"column":57}},"45":{"start":{"line":46,"column":0},"end":{"line":46,"column":5}},"46":{"start":{"line":47,"column":0},"end":{"line":47,"column":16}},"47":{"start":{"line":48,"column":0},"end":{"line":48,"column":3}},"48":{"start":{"line":49,"column":0},"end":{"line":49,"column":1}}},"s":{"0":1,"1":1,"2":1,"3":22,"4":22,"5":22,"6":22,"7":22,"8":22,"9":22,"10":22,"11":22,"12":22,"13":22,"14":22,"15":20,"16":20,"17":22,"18":22,"19":21,"20":21,"21":22,"22":22,"23":27,"24":27,"25":22,"26":22,"27":2,"28":2,"29":2,"30":22,"31":22,"32":4,"33":4,"34":4,"35":22,"36":22,"37":28,"38":1,"39":1,"40":28,"41":1,"42":1,"43":28,"44":1,"45":1,"46":25,"47":25,"48":22},"branchMap":{"0":{"type":"branch","line":3,"loc":{"start":{"line":3,"column":15},"end":{"line":49,"column":1}},"locations":[{"start":{"line":3,"column":15},"end":{"line":49,"column":1}}]},"1":{"type":"branch","line":8,"loc":{"start":{"line":8,"column":2},"end":{"line":13,"column":3}},"locations":[{"start":{"line":8,"column":2},"end":{"line":13,"column":3}}]},"2":{"type":"branch","line":15,"loc":{"start":{"line":15,"column":2},"end":{"line":17,"column":3}},"locations":[{"start":{"line":15,"column":2},"end":{"line":17,"column":3}}]},"3":{"type":"branch","line":19,"loc":{"start":{"line":19,"column":2},"end":{"line":21,"column":3}},"locations":[{"start":{"line":19,"column":2},"end":{"line":21,"column":3}}]},"4":{"type":"branch","line":23,"loc":{"start":{"line":23,"column":2},"end":{"line":25,"column":3}},"locations":[{"start":{"line":23,"column":2},"end":{"line":25,"column":3}}]},"5":{"type":"branch","line":27,"loc":{"start":{"line":27,"column":2},"end":{"line":30,"column":3}},"locations":[{"start":{"line":27,"column":2},"end":{"line":30,"column":3}}]},"6":{"type":"branch","line":32,"loc":{"start":{"line":32,"column":2},"end":{"line":35,"column":3}},"locations":[{"start":{"line":32,"column":2},"end":{"line":35,"column":3}}]},"7":{"type":"branch","line":37,"loc":{"start":{"line":37,"column":2},"end":{"line":48,"column":3}},"locations":[{"start":{"line":37,"column":2},"end":{"line":48,"column":3}}]},"8":{"type":"branch","line":38,"loc":{"start":{"line":38,"column":31},"end":{"line":40,"column":5}},"locations":[{"start":{"line":38,"column":31},"end":{"line":40,"column":5}}]},"9":{"type":"branch","line":40,"loc":{"start":{"line":40,"column":4},"end":{"line":41,"column":33}},"locations":[{"start":{"line":40,"column":4},"end":{"line":41,"column":33}}]},"10":{"type":"branch","line":41,"loc":{"start":{"line":41,"column":33},"end":{"line":43,"column":5}},"locations":[{"start":{"line":41,"column":33},"end":{"line":43,"column":5}}]},"11":{"type":"branch","line":43,"loc":{"start":{"line":43,"column":4},"end":{"line":44,"column":25}},"locations":[{"start":{"line":43,"column":4},"end":{"line":44,"column":25}}]},"12":{"type":"branch","line":44,"loc":{"start":{"line":44,"column":25},"end":{"line":46,"column":5}},"locations":[{"start":{"line":44,"column":25},"end":{"line":46,"column":5}}]},"13":{"type":"branch","line":46,"loc":{"start":{"line":46,"column":4},"end":{"line":48,"column":3}},"locations":[{"start":{"line":46,"column":4},"end":{"line":48,"column":3}}]}},"b":{"0":[22],"1":[22],"2":[20],"3":[21],"4":[27],"5":[2],"6":[4],"7":[28],"8":[1],"9":[27],"10":[1],"11":[26],"12":[1],"13":[25]},"fnMap":{"0":{"name":"<instance_members_initializer>","decl":{"start":{"line":3,"column":15},"end":{"line":49,"column":1}},"loc":{"start":{"line":3,"column":15},"end":{"line":49,"column":1}},"line":3},"1":{"name":"Product","decl":{"start":{"line":8,"column":2},"end":{"line":13,"column":3}},"loc":{"start":{"line":8,"column":2},"end":{"line":13,"column":3}},"line":8},"2":{"name":"get id","decl":{"start":{"line":15,"column":2},"end":{"line":17,"column":3}},"loc":{"start":{"line":15,"column":2},"end":{"line":17,"column":3}},"line":15},"3":{"name":"get name","decl":{"start":{"line":19,"column":2},"end":{"line":21,"column":3}},"loc":{"start":{"line":19,"column":2},"end":{"line":21,"column":3}},"line":19},"4":{"name":"get price","decl":{"start":{"line":23,"column":2},"end":{"line":25,"column":3}},"loc":{"start":{"line":23,"column":2},"end":{"line":25,"column":3}},"line":23},"5":{"name":"changeName","decl":{"start":{"line":27,"column":2},"end":{"line":30,"column":3}},"loc":{"start":{"line":27,"column":2},"end":{"line":30,"column":3}},"line":27},"6":{"name":"changePrice","decl":{"start":{"line":32,"column":2},"end":{"line":35,"column":3}},"loc":{"start":{"line":32,"column":2},"end":{"line":35,"column":3}},"line":32},"7":{"name":"validate","decl":{"start":{"line":37,"column":2},"end":{"line":48,"column":3}},"loc":{"start":{"line":37,"column":2},"end":{"line":48,"column":3}},"line":37}},"f":{"0":22,"1":22,"2":20,"3":21,"4":27,"5":2,"6":4,"7":28}}
,"/home/fsantaniello/Documentos/fullcycle-ddd/src/domain/product/event/product-created.event.ts": {"path":"/home/fsantaniello/Documentos/fullcycle-ddd/src/domain/product/event/product-created.event.ts","all":false,"statementMap":{"0":{"start":{"line":1,"column":0},"end":{"line":1,"column":65}},"1":{"start":{"line":2,"column":0},"end":{"line":2,"column":0}},"2":{"start":{"line":3,"column":0},"end":{"line":3,"column":0}},"3":{"start":{"line":4,"column":0},"end":{"line":4,"column":67}},"4":{"start":{"line":5,"column":0},"end":{"line":5,"column":26}},"5":{"start":{"line":6,"column":0},"end":{"line":6,"column":19}},"6":{"start":{"line":7,"column":0},"end":{"line":7,"column":0}},"7":{"start":{"line":8,"column":0},"end":{"line":8,"column":32}},"8":{"start":{"line":9,"column":0},"end":{"line":9,"column":42}},"9":{"start":{"line":10,"column":0},"end":{"line":10,"column":35}},"10":{"start":{"line":11,"column":0},"end":{"line":11,"column":5}},"11":{"start":{"line":12,"column":0},"end":{"line":12,"column":0}},"12":{"start":{"line":13,"column":0},"end":{"line":13,"column":1}}},"s":{"0":1,"1":1,"2":1,"3":1,"4":1,"5":1,"6":1,"7":1,"8":1,"9":1,"10":1,"11":1,"12":1},"branchMap":{"0":{"type":"branch","line":4,"loc":{"start":{"line":4,"column":15},"end":{"line":13,"column":1}},"locations":[{"start":{"line":4,"column":15},"end":{"line":13,"column":1}}]},"1":{"type":"branch","line":8,"loc":{"start":{"line":8,"column":4},"end":{"line":11,"column":5}},"locations":[{"start":{"line":8,"column":4},"end":{"line":11,"column":5}}]}},"b":{"0":[1],"1":[1]},"fnMap":{"0":{"name":"<instance_members_initializer>","decl":{"start":{"line":4,"column":15},"end":{"line":13,"column":1}},"loc":{"start":{"line":4,"column":15},"end":{"line":13,"column":1}},"line":4},"1":{"name":"ProductCreatedEvent","decl":{"start":{"line":8,"column":4},"end":{"line":11,"column":5}},"loc":{"start":{"line":8,"column":4},"end":{"line":11,"column":5}},"line":8}},"f":{"0":1,"1":1}}
,"/home/fsantaniello/Documentos/fullcycle-ddd/src/domain/product/event/handler/send-email-when-product-is-created.handler.ts": {"path":"/home/fsantaniello/Documentos/fullcycle-ddd/src/domain/product/event/handler/send-email-when-product-is-created.handler.ts","all":false,"statementMap":{"0":{"start":{"line":1,"column":0},"end":{"line":1,"column":0}},"1":{"start":{"line":2,"column":0},"end":{"line":2,"column":83}},"2":{"start":{"line":3,"column":0},"end":{"line":3,"column":59}},"3":{"start":{"line":4,"column":0},"end":{"line":4,"column":0}},"4":{"start":{"line":5,"column":0},"end":{"line":5,"column":58}},"5":{"start":{"line":6,"column":0},"end":{"line":6,"column":54}},"6":{"start":{"line":7,"column":0},"end":{"line":7,"column":46}},"7":{"start":{"line":8,"column":0},"end":{"line":8,"column":50}},"8":{"start":{"line":9,"column":0},"end":{"line":9,"column":5}},"9":{"start":{"line":10,"column":0},"end":{"line":10,"column":4}},"10":{"start":{"line":11,"column":0},"end":{"line":11,"column":1}}},"s":{"0":1,"1":1,"2":1,"3":1,"4":1,"5":1,"6":1,"7":1,"8":1,"9":1,"10":1},"branchMap":{"0":{"type":"branch","line":7,"loc":{"start":{"line":7,"column":4},"end":{"line":9,"column":5}},"locations":[{"start":{"line":7,"column":4},"end":{"line":9,"column":5}}]}},"b":{"0":[1]},"fnMap":{"0":{"name":"handle","decl":{"start":{"line":7,"column":4},"end":{"line":9,"column":5}},"loc":{"start":{"line":7,"column":4},"end":{"line":9,"column":5}},"line":7}},"f":{"0":1}}
[...]
0},"end":{"line":38,"column":23}},"38":{"start":{"line":39,"column":0},"end":{"line":39,"column":55}},"39":{"start":{"line":40,"column":0},"end":{"line":40,"column":28}},"40":{"start":{"line":41,"column":0},"end":{"line":41,"column":17}},"41":{"start":{"line":42,"column":0},"end":{"line":42,"column":63}},"42":{"start":{"line":43,"column":0},"end":{"line":43,"column":7}},"43":{"start":{"line":44,"column":0},"end":{"line":44,"column":0}},"44":{"start":{"line":45,"column":0},"end":{"line":45,"column":1}}},"s":{"0":1,"1":1,"2":1,"3":1,"4":1,"5":1,"6":1,"7":1,"8":1,"9":1,"10":1,"11":1,"12":1,"13":1,"14":1,"15":1,"16":1,"17":1,"18":1,"19":1,"20":1,"21":1,"22":1,"23":1,"24":1,"25":1,"26":1,"27":1,"28":1,"29":1,"30":1,"31":1,"32":1,"33":1,"34":1,"35":1,"36":1,"37":1,"38":3,"39":3,"40":3,"41":3,"42":3,"43":1,"44":1},"branchMap":{"0":{"type":"branch","line":30,"loc":{"start":{"line":30,"column":35},"end":{"line":30,"column":36}},"locations":[{"start":{"line":30,"column":35},"end":{"line":30,"column":36}}]},"1":{"type":"branch","line":38,"loc":{"start":{"line":38,"column":4},"end":{"line":43,"column":7}},"locations":[{"start":{"line":38,"column":4},"end":{"line":43,"column":7}}]},"2":{"type":"branch","line":39,"loc":{"start":{"line":39,"column":41},"end":{"line":40,"column":28}},"locations":[{"start":{"line":39,"column":41},"end":{"line":40,"column":28}}]},"3":{"type":"branch","line":25,"loc":{"start":{"line":25,"column":16},"end":{"line":25,"column":35}},"locations":[{"start":{"line":25,"column":16},"end":{"line":25,"column":35}}]},"4":{"type":"branch","line":29,"loc":{"start":{"line":29,"column":15},"end":{"line":29,"column":34}},"locations":[{"start":{"line":29,"column":15},"end":{"line":29,"column":34}}]},"5":{"type":"branch","line":32,"loc":{"start":{"line":32,"column":13},"end":{"line":32,"column":33}},"locations":[{"start":{"line":32,"column":13},"end":{"line":32,"column":33}}]}},"b":{"0":[0],"1":[3],"2":[3],"3":[6],"4":[20],"5":[20]},"fnMap":{"0":{"name":"toDomain","decl":{"start":{"line":38,"column":4},"end":{"line":43,"column":7}},"loc":{"start":{"line":38,"column":4},"end":{"line":43,"column":7}},"line":38}},"f":{"0":3}}
,"/home/fsantaniello/Documentos/fullcycle-ddd/src/infra/order/repository/sequelize/order.repository.ts": {"path":"/home/fsantaniello/Documentos/fullcycle-ddd/src/infra/order/repository/sequelize/order.repository.ts","all":false,"statementMap":{"0":{"start":{"line":1,"column":0},"end":{"line":1,"column":71}},"1":{"start":{"line":2,"column":0},"end":{"line":2,"column":105}},"2":{"start":{"line":3,"column":0},"end":{"line":3,"column":48}},"3":{"start":{"line":4,"column":0},"end":{"line":4,"column":39}},"4":{"start":{"line":5,"column":0},"end":{"line":5,"column":0}},"5":{"start":{"line":6,"column":0},"end":{"line":6,"column":0}},"6":{"start":{"line":7,"column":0},"end":{"line":7,"column":0}},"7":{"start":{"line":8,"column":0},"end":{"line":8,"column":74}},"8":{"start":{"line":9,"column":0},"end":{"line":9,"column":46}},"9":{"start":{"line":10,"column":0},"end":{"line":10,"column":28}},"10":{"start":{"line":11,"column":0},"end":{"line":11,"column":7}},"11":{"start":{"line":12,"column":0},"end":{"line":12,"column":22}},"12":{"start":{"line":13,"column":0},"end":{"line":13,"column":39}},"13":{"start":{"line":14,"column":0},"end":{"line":14,"column":30}},"14":{"start":{"line":15,"column":0},"end":{"line":15,"column":44}},"15":{"start":{"line":16,"column":0},"end":{"line":16,"column":22}},"16":{"start":{"line":17,"column":0},"end":{"line":17,"column":26}},"17":{"start":{"line":18,"column":0},"end":{"line":18,"column":28}},"18":{"start":{"line":19,"column":0},"end":{"line":19,"column":37}},"19":{"start":{"line":20,"column":0},"end":{"line":20,"column":34}},"20":{"start":{"line":21,"column":0},"end":{"line":21,"column":12}},"21":{"start":{"line":22,"column":0},"end":{"line":22,"column":8}},"22":{"start":{"line":23,"column":0},"end":{"line":23,"column":7}},"23":{"start":{"line":24,"column":0},"end":{"line":24,"column":45}},"24":{"start":{"line":25,"column":0},"end":{"line":25,"column":7}},"25":{"start":{"line":26,"column":0},"end":{"line":26,"column":6}},"26":{"start":{"line":27,"column":0},"end":{"line":27,"column":3}},"27":{"start":{"line":28,"column":0},"end":{"line":28,"column":0}},"28":{"start":{"line":29,"column":0},"end":{"line":29,"column":46}},"29":{"start":{"line":30,"column":0},"end":{"line":30,"column":36}},"30":{"start":{"line":31,"column":0},"end":{"line":31,"column":20}},"31":{"start":{"line":32,"column":0},"end":{"line":32,"column":10}},"32":{"start":{"line":33,"column":0},"end":{"line":33,"column":59}},"33":{"start":{"line":34,"column":0},"end":{"line":34,"column":27}},"34":{"start":{"line":35,"column":0},"end":{"line":35,"column":45}},"35":{"start":{"line":36,"column":0},"end":{"line":36,"column":7}},"36":{"start":{"line":37,"column":0},"end":{"line":37,"column":21}},"37":{"start":{"line":38,"column":0},"end":{"line":38,"column":41}},"38":{"start":{"line":39,"column":0},"end":{"line":39,"column":7}},"39":{"start":{"line":40,"column":0},"end":{"line":40,"column":4}},"40":{"start":{"line":41,"column":0},"end":{"line":41,"column":32}},"41":{"start":{"line":42,"column":0},"end":{"line":42,"column":30}},"42":{"start":{"line":43,"column":0},"end":{"line":43,"column":7}},"43":{"start":{"line":44,"column":0},"end":{"line":44,"column":0}},"44":{"start":{"line":45,"column":0},"end":{"line":45,"column":32}},"45":{"start":{"line":46,"column":0},"end":{"line":46,"column":56}},"46":{"start":{"line":47,"column":0},"end":{"line":47,"column":38}},"47":{"start":{"line":48,"column":0},"end":{"line":48,"column":7}},"48":{"start":{"line":49,"column":0},"end":{"line":49,"column":0}},"49":{"start":{"line":50,"column":0},"end":{"line":50,"column":41}},"50":{"start":{"line":51,"column":0},"end":{"line":51,"column":80}},"51":{"start":{"line":52,"column":0},"end":{"line":52,"column":27}},"52":{"start":{"line":53,"column":0},"end":{"line":53,"column":39}},"53":{"start":{"line":54,"column":0},"end":{"line":54,"column":35}},"54":{"start":{"line":55,"column":0},"end":{"line":55,"column":37}},"55":{"start":{"line":56,"column":0},"end":{"line":56,"column":46}},"56":{"start":{"line":57,"column":0},"end":{"line":57,"column":43}},"57":{"start":{"line":58,"column":0},"end":{"line":58,"column":15}},"58":{"start":{"line":59,"column":0},"end":{"line":59,"column":16}},"59":{"start":{"line":60,"column":0},"end":{"line":60,"column":41}},"60":{"start":{"line":61,"column":0},"end":{"line":61,"column":31}},"61":{"start":{"line":62,"column":0},"end":{"line":62,"column":35}},"62":{"start":{"line":63,"column":0},"end":{"line":63,"column":37}},"63":{"start":{"line":64,"column":0},"end":{"line":64,"column":46}},"64":{"start":{"line":65,"column":0},"end":{"line":65,"column":43}},"65":{"start":{"line":66,"column":0},"end":{"line":66,"column":36}},"66":{"start":{"line":67,"column":0},"end":{"line":67,"column":15}},"67":{"start":{"line":68,"column":0},"end":{"line":68,"column":9}},"68":{"start":{"line":69,"column":0},"end":{"line":69,"column":5}},"69":{"start":{"line":70,"column":0},"end":{"line":70,"column":0}},"70":{"start":{"line":71,"column":0},"end":{"line":71,"column":56}},"71":{"start":{"line":72,"column":0},"end":{"line":72,"column":42}},"72":{"start":{"line":73,"column":0},"end":{"line":73,"column":71}},"73":{"start":{"line":74,"column":0},"end":{"line":74,"column":36}},"74":{"start":{"line":75,"column":0},"end":{"line":75,"column":9}},"75":{"start":{"line":76,"column":0},"end":{"line":76,"column":5}},"76":{"start":{"line":77,"column":0},"end":{"line":77,"column":1}},"77":{"start":{"line":78,"column":0},"end":{"line":78,"column":0}},"78":{"start":{"line":79,"column":0},"end":{"line":79,"column":0}},"79":{"start":{"line":80,"column":0},"end":{"line":80,"column":0}},"80":{"start":{"line":81,"column":0},"end":{"line":81,"column":45}},"81":{"start":{"line":82,"column":0},"end":{"line":82,"column":20}},"82":{"start":{"line":83,"column":0},"end":{"line":83,"column":9}},"83":{"start":{"line":84,"column":0},"end":{"line":84,"column":45}},"84":{"start":{"line":85,"column":0},"end":{"line":85,"column":25}},"85":{"start":{"line":86,"column":0},"end":{"line":86,"column":28}},"86":{"start":{"line":87,"column":0},"end":{"line":87,"column":44}},"87":{"start":{"line":88,"column":0},"end":{"line":88,"column":9}},"88":{"start":{"line":89,"column":0},"end":{"line":89,"column":21}},"89":{"start":{"line":90,"column":0},"end":{"line":90,"column":44}},"90":{"start":{"line":91,"column":0},"end":{"line":91,"column":5}},"91":{"start":{"line":92,"column":0},"end":{"line":92,"column":33}},"92":{"start":{"line":93,"column":0},"end":{"line":93,"column":3}},"93":{"start":{"line":94,"column":0},"end":{"line":94,"column":2}},"94":{"start":{"line":95,"column":0},"end":{"line":95,"column":37}},"95":{"start":{"line":96,"column":0},"end":{"line":96,"column":50}},"96":{"start":{"line":97,"column":0},"end":{"line":97,"column":43}},"97":{"start":{"line":98,"column":0},"end":{"line":98,"column":7}},"98":{"start":{"line":99,"column":0},"end":{"line":99,"column":42}},"99":{"start":{"line":100,"column":0},"end":{"line":100,"column":28}},"100":{"start":{"line":101,"column":0},"end":{"line":101,"column":6}},"101":{"start":{"line":102,"column":0},"end":{"line":102,"column":3}},"102":{"start":{"line":103,"column":0},"end":{"line":103,"column":1}}},"s":{"0":1,"1":1,"2":1,"3":1,"4":1,"5":1,"6":1,"7":1,"8":1,"9":5,"10":5,"11":5,"12":5,"13":5,"14":5,"15":5,"16":5,"17":5,"18":5,"19":5,"20":5,"21":5,"22":5,"23":5,"24":5,"25":5,"26":5,"27":1,"28":1,"29":2,"30":2,"31":2,"32":2,"33":2,"34":0,"35":0,"36":2,"37":1,"38":1,"39":1,"40":1,"41":1,"42":1,"43":1,"44":1,"45":1,"46":1,"47":1,"48":1,"49":2,"50":2,"51":2,"52":1,"53":1,"54":1,"55":1,"56":1,"57":1,"58":1,"59":1,"60":1,"61":1,"62":1,"63":1,"64":1,"65":1,"66":1,"67":1,"68":2,"69":1,"70":1,"71":1,"72":1,"73":0,"74":0,"75":1,"76":1,"77":1,"78":1,"79":1,"80":1,"81":2,"82":2,"83":2,"84":2,"85":2,"86":2,"87":2,"88":1,"89":1,"90":1,"91":1,"92":1,"93":1,"94":1,"95":1,"96":1,"97":1,"98":1,"99":2,"100":1,"101":1,"102":1},"branchMap":{"0":{"type":"branch","line":9,"loc":{"start":{"line":9,"column":2},"end":{"line":27,"column":3}},"locations":[{"start":{"line":9,"column":2},"end":{"line":27,"column":3}}]},"1":{"type":"branch","line":15,"loc":{"start":{"line":15,"column":32},"end":{"line":21,"column":12}},"locations":[{"start":{"line":15,"column":32},"end":{"line":21,"column":12}}]},"2":{"type":"branch","line":29,"loc":{"start":{"line":29,"column":2},"end":{"line":77,"column":1}},"locations":[{"start":{"line":29,"column":2},"end":{"line":77,"column":1}}]},"3":{"type":"branch","line":33,"loc":{"start":{"line":33,"column":57},"end":{"line":34,"column":26}},"locations":[{"start":{"line":33,"column":57},"end":{"line":34,"column":26}}]},"4":{"type":"branch","line":34,"loc":{"start":{"line":34,"column":26},"end":{"line":36,"column":7}},"locations":[{"start":{"line":34,"column":26},"end":{"line":36,"column":7}}]},"5":{"type":"branch","line":37,"loc":{"start":{"line":37,"column":6},"end":{"line":50,"column":40}},"locations":[{"start":{"line":37,"column":6},"end":{"line":50,"column":40}}]},"6":{"type":"branch","line":52,"loc":{"start":{"line":52,"column":26},"end":{"line":68,"column":9}},"locations":[{"start":{"line":52,"column":26},"end":{"line":68,"column":9}}]},"7":{"type":"branch","line":69,"loc":{"start":{"line":69,"column":4},"end":{"line":77,"column":1}},"locations":[{"start":{"line":69,"column":4},"end":{"line":77,"column":1}}]},"8":{"type":"branch","line":73,"loc":{"start":{"line":73,"column":70},"end":{"line":75,"column":9}},"locations":[{"start":{"line":73,"column":70},"end":{"line":75,"column":9}}]},"9":{"type":"branch","line":51,"loc":{"start":{"line":51,"column":48},"end":{"line":51,"column":78}},"locations":[{"start":{"line":51,"column":48},"end":{"line":51,"column":78}}]},"10":{"type":"branch","line":73,"loc":{"start":{"line":73,"column":31},"end":{"line":73,"column":67}},"locations":[{"start":{"line":73,"column":31},"end":{"line":73,"column":67}}]},"11":{"type":"branch","line":81,"loc":{"start":{"line":81,"column":2},"end":{"line":93,"column":3}},"locations":[{"start":{"line":81,"column":2},"end":{"line":93,"column":3}}]},"12":{"type":"branch","line":88,"loc":{"start":{"line":88,"column":6},"end":{"line":93,"column":3}},"locations":[{"start":{"line":88,"column":6},"end":{"line":93,"column":3}}]},"13":{"type":"branch","line":95,"loc":{"start":{"line":95,"column":2},"end":{"line":102,"column":3}},"locations":[{"start":{"line":95,"column":2},"end":{"line":102,"column":3}}]},"14":{"type":"branch","line":99,"loc":{"start":{"line":99,"column":27},"end":{"line":100,"column":28}},"locations":[{"start":{"line":99,"column":27},"end":{"line":100,"column":28}}]}},"b":{"0":[5],"1":[5],"2":[2],"3":[1],"4":[0],"5":[1],"6":[1],"7":[1],"8":[0],"9":[2],"10":[1],"11":[2],"12":[1],"13":[1],"14":[2]},"fnMap":{"0":{"name":"create","decl":{"start":{"line":9,"column":2},"end":{"line":27,"column":3}},"loc":{"start":{"line":9,"column":2},"end":{"line":27,"column":3}},"line":9},"1":{"name":"update","decl":{"start":{"line":29,"column":2},"end":{"line":77,"column":1}},"loc":{"start":{"line":29,"column":2},"end":{"line":77,"column":1}},"line":29},"2":{"name":"find","decl":{"start":{"line":81,"column":2},"end":{"line":93,"column":3}},"loc":{"start":{"line":81,"column":2},"end":{"line":93,"column":3}},"line":81},"3":{"name":"findAll","decl":{"start":{"line":95,"column":2},"end":{"line":102,"column":3}},"loc":{"start":{"line":95,"column":2},"end":{"line":102,"column":3}},"line":95}},"f":{"0":5,"1":2,"2":2,"3":1}}
,"/home/fsantaniello/Documentos/fullcycle-ddd/src/infra/product/repository/sequelize/product.model.ts": {"path":"/home/fsantaniello/Documentos/fullcycle-ddd/src/infra/product/repository/sequelize/product.model.ts","all":false,"statementMap":{"0":{"start":{"line":1,"column":0},"end":{"line":1,"column":72}},"1":{"start":{"line":2,"column":0},"end":{"line":2,"column":0}},"2":{"start":{"line":3,"column":0},"end":{"line":3,"column":8}},"3":{"start":{"line":4,"column":0},"end":{"line":4,"column":24}},"4":{"start":{"line":5,"column":0},"end":{"line":5,"column":20}},"5":{"start":{"line":6,"column":0},"end":{"line":6,"column":2}},"6":{"start":{"line":7,"column":0},"end":{"line":7,"column":49}},"7":{"start":{"line":8,"column":0},"end":{"line":8,"column":13}},"8":{"start":{"line":9,"column":0},"end":{"line":9,"column":9}},"9":{"start":{"line":10,"column":0},"end":{"line":10,"column":21}},"10":{"start":{"line":11,"column":0},"end":{"line":11,"column":0}},"11":{"start":{"line":12,"column":0},"end":{"line":12,"column":31}},"12":{"start":{"line":13,"column":0},"end":{"line":13,"column":23}},"13":{"start":{"line":14,"column":0},"end":{"line":14,"column":0}},"14":{"start":{"line":15,"column":0},"end":{"line":15,"column":31}},"15":{"start":{"line":16,"column":0},"end":{"line":16,"column":24}},"16":{"start":{"line":17,"column":0},"end":{"line":17,"column":1}}},"s":{"0":1,"1":1,"2":1,"3":1,"4":1,"5":1,"6":1,"7":1,"8":1,"9":1,"10":1,"11":1,"12":1,"13":1,"14":1,"15":1,"16":1},"branchMap":{},"b":{},"fnMap":{},"f":{}}
,"/home/fsantaniello/Documentos/fullcycle-ddd/src/infra/product/repository/sequelize/product.repository.ts": {"path":"/home/fsantaniello/Documentos/fullcycle-ddd/src/infra/product/repository/sequelize/product.repository.ts","all":false,"statementMap":{"0":{"start":{"line":1,"column":0},"end":{"line":1,"column":74}},"1":{"start":{"line":2,"column":0},"end":{"line":2,"column":108}},"2":{"start":{"line":3,"column":0},"end":{"line":3,"column":43}},"3":{"start":{"line":4,"column":0},"end":{"line":4,"column":0}},"4":{"start":{"line":5,"column":0},"end":{"line":5,"column":0}},"5":{"start":{"line":6,"column":0},"end":{"line":6,"column":78}},"6":{"start":{"line":7,"column":0},"end":{"line":7,"column":48}},"7":{"start":{"line":8,"column":0},"end":{"line":8,"column":31}},"8":{"start":{"line":9,"column":0},"end":{"line":9,"column":20}},"9":{"start":{"line":10,"column":0},"end":{"line":10,"column":24}},"10":{"start":{"line":11,"column":0},"end":{"line":11,"column":26}},"11":{"start":{"line":12,"column":0},"end":{"line":12,"column":7}},"12":{"start":{"line":13,"column":0},"end":{"line":13,"column":3}},"13":{"start":{"line":14,"column":0},"end":{"line":14,"column":0}},"14":{"start":{"line":15,"column":0},"end":{"line":15,"column":48}},"15":{"start":{"line":16,"column":0},"end":{"line":16,"column":30}},"16":{"start":{"line":17,"column":0},"end":{"line":17,"column":7}},"17":{"start":{"line":18,"column":0},"end":{"line":18,"column":26}},"18":{"start":{"line":19,"column":0},"end":{"line":19,"column":28}},"19":{"start":{"line":20,"column":0},"end":{"line":20,"column":8}},"20":{"start":{"line":21,"column":0},"end":{"line":21,"column":7}},"21":{"start":{"line":22,"column":0},"end":{"line":22,"column":16}},"22":{"start":{"line":23,"column":0},"end":{"line":23,"column":24}},"23":{"start":{"line":24,"column":0},"end":{"line":24,"column":10}},"24":{"start":{"line":25,"column":0},"end":{"line":25,"column":7}},"25":{"start":{"line":26,"column":0},"end":{"line":26,"column":6}},"26":{"start":{"line":27,"column":0},"end":{"line":27,"column":3}},"27":{"start":{"line":28,"column":0},"end":{"line":28,"column":0}},"28":{"start":{"line":29,"column":0},"end":{"line":29,"column":44}},"29":{"start":{"line":30,"column":0},"end":{"line":30,"column":71}},"30":{"start":{"line":31,"column":0},"end":{"line":31,"column":79}},"31":{"start":{"line":32,"column":0},"end":{"line":32,"column":3}},"32":{"start":{"line":33,"column":0},"end":{"line":33,"column":0}},"33":{"start":{"line":34,"column":0},"end":{"line":34,"column":39}},"34":{"start":{"line":35,"column":0},"end":{"line":35,"column":55}},"35":{"start":{"line":36,"column":0},"end":{"line":36,"column":46}},"36":{"start":{"line":37,"column":0},"end":{"line":37,"column":73}},"37":{"start":{"line":38,"column":0},"end":{"line":38,"column":6}},"38":{"start":{"line":39,"column":0},"end":{"line":39,"column":3}},"39":{"start":{"line":40,"column":0},"end":{"line":40,"column":1}}},"s":{"0":1,"1":1,"2":1,"3":1,"4":1,"5":1,"6":1,"7":11,"8":11,"9":11,"10":11,"11":11,"12":11,"13":1,"14":1,"15":1,"16":1,"17":1,"18":1,"19":1,"20":1,"21":1,"22":1,"23":1,"24":1,"25":1,"26":1,"27":1,"28":1,"29":1,"30":1,"31":1,"32":1,"33":1,"34":1,"35":1,"36":2,"37":1,"38":1,"39":1},"branchMap":{"0":{"type":"branch","line":7,"loc":{"start":{"line":7,"column":2},"end":{"line":13,"column":3}},"locations":[{"start":{"line":7,"column":2},"end":{"line":13,"column":3}}]},"1":{"type":"branch","line":15,"loc":{"start":{"line":15,"column":2},"end":{"line":27,"column":3}},"locations":[{"start":{"line":15,"column":2},"end":{"line":27,"column":3}}]},"2":{"type":"branch","line":29,"loc":{"start":{"line":29,"column":2},"end":{"line":32,"column":3}},"locations":[{"start":{"line":29,"column":2},"end":{"line":32,"column":3}}]},"3":{"type":"branch","line":34,"loc":{"start":{"line":34,"column":2},"end":{"line":39,"column":3}},"locations":[{"start":{"line":34,"column":2},"end":{"line":39,"column":3}}]},"4":{"type":"branch","line":36,"loc":{"start":{"line":36,"column":29},"end":{"line":37,"column":73}},"locations":[{"start":{"line":36,"column":29},"end":{"line":37,"column":73}}]}},"b":{"0":[11],"1":[1],"2":[1],"3":[1],"4":[2]},"fnMap":{"0":{"name":"create","decl":{"start":{"line":7,"column":2},"end":{"line":13,"column":3}},"loc":{"start":{"line":7,"column":2},"end":{"line":13,"column":3}},"line":7},"1":{"name":"update","decl":{"start":{"line":15,"column":2},"end":{"line":27,"column":3}},"loc":{"start":{"line":15,"column":2},"end":{"line":27,"column":3}},"line":15},"2":{"name":"find","decl":{"start":{"line":29,"column":2},"end":{"line":32,"column":3}},"loc":{"start":{"line":29,"column":2},"end":{"line":32,"column":3}},"line":29},"3":{"name":"findAll","decl":{"start":{"line":34,"column":2},"end":{"line":39,"column":3}},"loc":{"start":{"line":34,"column":2},"end":{"line":39,"column":3}},"line":34}},"f":{"0":11,"1":1,"2":1,"3":1}}
}
