TN:
SF:src/domain/aggregate/customer.ts
FN:23,<instance_members_initializer>
FN:34,Customer
FN:40,get id
FN:44,get name
FN:48,get rewardPoints
FN:52,get Address
FN:56,changeAddress
FN:64,validate
FN:73,isActive
FN:77,changeName
FN:81,activate
FN:88,addRewardPoints
FN:92,deactivate
FN:96,set Address
FNF:14
FNH:14
FNDA:20,<instance_members_initializer>
FNDA:20,Customer
FNDA:13,get id
FNDA:14,get name
FNDA:14,get rewardPoints
FNDA:44,get Address
FNDA:8,changeAddress
FNDA:20,validate
FNDA:15,isActive
FNDA:2,changeName
FNDA:4,activate
FNDA:5,addRewardPoints
FNDA:1,deactivate
FNDA:6,set Address
DA:1,1
DA:2,1
DA:3,1
DA:4,1
DA:5,1
DA:6,1
DA:7,1
DA:8,1
DA:9,1
DA:10,1
DA:11,1
DA:12,1
DA:13,1
DA:14,1
DA:15,1
DA:16,1
DA:17,1
DA:18,1
DA:19,1
DA:20,1
DA:21,1
DA:22,1
DA:23,1
DA:24,20
DA:25,20
DA:26,20
DA:27,20
DA:28,20
DA:29,20
DA:30,20
DA:31,20
DA:32,20
DA:33,20
DA:34,20
DA:35,20
DA:36,20
DA:37,20
DA:38,20
DA:39,20
DA:40,20
DA:41,13
DA:42,13
DA:43,20
DA:44,20
DA:45,14
DA:46,14
DA:47,20
DA:48,20
DA:49,14
DA:50,14
DA:51,20
DA:52,20
DA:53,44
DA:54,44
DA:55,20
DA:56,20
DA:57,8
DA:58,8
DA:59,20
DA:60,20
DA:61,20
DA:62,20
DA:63,20
DA:64,20
DA:65,20
DA:66,1
DA:67,1
DA:68,20
DA:69,1
DA:70,1
DA:71,20
DA:72,20
DA:73,20
DA:74,15
DA:75,15
DA:76,20
DA:77,20
DA:78,2
DA:79,2
DA:80,20
DA:81,20
DA:82,4
DA:83,1
DA:84,1
DA:85,3
DA:86,3
DA:87,20
DA:88,20
DA:89,5
DA:90,5
DA:91,20
DA:92,20
DA:93,1
DA:94,1
DA:95,20
DA:96,20
DA:97,6
DA:98,6
DA:99,20
LF:99
LH:99
BRDA:23,0,0,20
BRDA:34,1,0,20
BRDA:40,2,0,13
BRDA:44,3,0,14
BRDA:48,4,0,14
BRDA:52,5,0,44
BRDA:56,6,0,8
BRDA:64,7,0,20
BRDA:65,8,0,1
BRDA:67,9,0,19
BRDA:68,10,0,1
BRDA:73,11,0,15
BRDA:77,12,0,2
BRDA:81,13,0,4
BRDA:82,14,0,3
BRDA:82,15,0,1
BRDA:88,16,0,5
BRDA:92,17,0,1
BRDA:96,18,0,6
BRF:19
BRH:19
end_of_record
TN:
SF:src/domain/aggregate/order.ts
FN:2,<instance_members_initializer>
FN:9,Order
FN:17,get id
FN:21,get customerId
FN:25,get items
FN:29,validate
FN:47,addNewItem
FN:51,total
FNF:8
FNH:8
FNDA:18,<instance_members_initializer>
FNDA:18,Order
FNDA:12,get id
FNDA:5,get customerId
FNDA:8,get items
FNDA:18,validate
FNDA:1,addNewItem
FNDA:32,total
DA:1,1
DA:2,1
DA:3,18
DA:4,18
DA:5,18
DA:6,18
DA:7,18
DA:8,18
DA:9,18
DA:10,18
DA:11,18
DA:12,18
DA:13,18
DA:14,18
DA:15,18
DA:16,18
DA:17,18
DA:18,12
DA:19,12
DA:20,18
DA:21,18
DA:22,5
DA:23,5
DA:24,18
DA:25,18
DA:26,8
DA:27,8
DA:28,18
DA:29,18
DA:30,18
DA:31,1
DA:32,1
DA:33,18
DA:34,1
DA:35,1
DA:36,18
DA:37,1
DA:38,1
DA:39,15
DA:40,18
DA:41,1
DA:42,1
DA:43,14
DA:44,14
DA:45,14
DA:46,18
DA:47,18
DA:48,1
DA:49,1
DA:50,18
DA:51,18
DA:52,32
DA:53,32
DA:54,18
LF:54
LH:54
BRDA:2,0,0,18
BRDA:9,1,0,18
BRDA:17,2,0,12
BRDA:21,3,0,5
BRDA:25,4,0,8
BRDA:29,5,0,18
BRDA:30,6,0,1
BRDA:32,7,0,17
BRDA:33,8,0,1
BRDA:35,9,0,16
BRDA:36,10,0,1
BRDA:38,11,0,15
BRDA:40,12,0,1
BRDA:42,13,0,14
BRDA:40,14,0,16
BRDA:47,15,0,1
BRDA:51,16,0,32
BRDA:52,17,0,32
BRF:18
BRH:18
end_of_record
TN:
SF:src/domain/aggregate/product.ts
FN:1,<instance_members_initializer>
FN:6,Product
FN:13,get id
FN:17,get name
FN:21,get price
FN:25,changeName
FN:30,changePrice
FN:35,validate
FNF:8
FNH:8
FNDA:21,<instance_members_initializer>
FNDA:21,Product
FNDA:19,get id
FNDA:20,get name
FNDA:26,get price
FNDA:2,changeName
FNDA:4,changePrice
FNDA:27,validate
DA:1,1
DA:2,21
DA:3,21
DA:4,21
DA:5,21
DA:6,21
DA:7,21
DA:8,21
DA:9,21
DA:10,21
DA:11,21
DA:12,21
DA:13,21
DA:14,19
DA:15,19
DA:16,21
DA:17,21
DA:18,20
DA:19,20
DA:20,21
DA:21,21
DA:22,26
DA:23,26
DA:24,21
DA:25,21
DA:26,2
DA:27,2
DA:28,2
DA:29,21
DA:30,21
DA:31,4
DA:32,4
DA:33,4
DA:34,21
DA:35,21
DA:36,27
DA:37,1
DA:38,1
DA:39,27
DA:40,1
DA:41,1
DA:42,27
DA:43,1
DA:44,1
DA:45,24
DA:46,24
DA:47,21
LF:47
LH:47
BRDA:1,0,0,21
BRDA:6,1,0,21
BRDA:13,2,0,19
BRDA:17,3,0,20
BRDA:21,4,0,26
BRDA:25,5,0,2
BRDA:30,6,0,4
BRDA:35,7,0,27
BRDA:36,8,0,1
BRDA:38,9,0,26
BRDA:39,10,0,1
BRDA:41,11,0,25
BRDA:42,12,0,1
BRDA:44,13,0,24
BRF:14
BRH:14
end_of_record
TN:
SF:src/domain/entity/order_item.ts
FN:1,<instance_members_initializer>
FN:9,OrderItem
FN:24,get id
FN:28,get name
FN:32,get productId
FN:36,get quantity
FN:40,get price
FN:44,total
FNF:8
FNH:8
FNDA:16,<instance_members_initializer>
FNDA:16,OrderItem
FNDA:10,get id
FNDA:8,get name
FNDA:7,get productId
FNDA:24,get quantity
FNDA:8,get price
FNDA:48,total
DA:1,1
DA:2,16
DA:3,16
DA:4,16
DA:5,16
DA:6,16
DA:7,16
DA:8,16
DA:9,16
DA:10,16
DA:11,16
DA:12,16
DA:13,16
DA:14,16
DA:15,16
DA:16,16
DA:17,16
DA:18,16
DA:19,16
DA:20,16
DA:21,16
DA:22,16
DA:23,16
DA:24,16
DA:25,10
DA:26,10
DA:27,16
DA:28,16
DA:29,8
DA:30,8
DA:31,16
DA:32,16
DA:33,7
DA:34,7
DA:35,16
DA:36,16
DA:37,24
DA:38,24
DA:39,16
DA:40,16
DA:41,8
DA:42,8
DA:43,16
DA:44,16
DA:45,48
DA:46,48
DA:47,16
DA:48,16
DA:49,16
DA:50,16
LF:50
LH:50
BRDA:1,0,0,16
BRDA:9,1,0,16
BRDA:24,2,0,10
BRDA:28,3,0,8
BRDA:32,4,0,7
BRDA:36,5,0,24
BRDA:40,6,0,8
BRDA:44,7,0,48
BRF:8
BRH:8
end_of_record
TN:
SF:src/domain/event/@shared/event-dispatcher.ts
FN:5,<instance_members_initializer>
FN:9,get getEventHandlers
FN:13,register
FN:19,unregister
FN:28,unregisterAll
FN:32,notify
FNF:6
FNH:6
FNDA:10,<instance_members_initializer>
FNDA:31,get getEventHandlers
FNDA:16,register
FNDA:3,unregister
FNDA:1,unregisterAll
FNDA:3,notify
DA:1,1
DA:2,1
DA:3,1
DA:4,1
DA:5,1
DA:6,10
DA:7,10
DA:8,10
DA:9,10
DA:10,31
DA:11,31
DA:12,10
DA:13,10
DA:14,16
DA:15,12
DA:16,12
DA:17,16
DA:18,16
DA:19,10
DA:20,3
DA:21,3
DA:22,3
DA:23,3
DA:24,3
DA:25,3
DA:26,3
DA:27,10
DA:28,10
DA:29,1
DA:30,1
DA:31,10
DA:32,10
DA:33,3
DA:34,3
DA:35,3
DA:36,4
DA:37,4
DA:38,3
DA:39,3
DA:40,10
LF:40
LH:40
BRDA:5,0,0,10
BRDA:9,1,0,31
BRDA:13,2,0,16
BRDA:14,3,0,12
BRDA:19,4,0,3
BRDA:28,5,0,1
BRDA:32,6,0,3
BRDA:35,7,0,4
BRF:8
BRH:8
end_of_record
TN:
SF:src/domain/event/customer/customer-changed-address.event.ts
FN:3,<instance_members_initializer>
FN:7,CustomerChangedAddressEvent
FNF:2
FNH:2
FNDA:1,<instance_members_initializer>
FNDA:1,CustomerChangedAddressEvent
DA:1,1
DA:2,1
DA:3,1
DA:4,1
DA:5,1
DA:6,1
DA:7,1
DA:8,1
DA:9,1
DA:10,1
DA:11,1
LF:11
LH:11
BRDA:3,0,0,1
BRDA:7,1,0,1
BRF:2
BRH:2
end_of_record
TN:
SF:src/domain/event/customer/customer-created.event.ts
FN:3,<instance_members_initializer>
FN:7,CustomerCreatedEvent
FNF:2
FNH:2
FNDA:1,<instance_members_initializer>
FNDA:1,CustomerCreatedEvent
DA:1,1
DA:2,1
DA:3,1
DA:4,1
DA:5,1
DA:6,1
DA:7,1
DA:8,1
DA:9,1
DA:10,1
DA:11,1
DA:12,1
LF:12
LH:12
BRDA:3,0,0,1
BRDA:7,1,0,1
BRF:2
BRH:2
end_of_record
TN:
SF:src/domain/event/customer/handler/print-log1-when-customer-is-created.handler.ts
FN:6,handle
FNF:1
FNH:1
FNDA:1,handle
DA:1,1
DA:2,1
DA:3,1
DA:4,1
DA:5,1
DA:6,1
DA:7,1
DA:8,1
DA:9,1
LF:9
LH:9
BRDA:6,0,0,1
BRF:1
BRH:1
end_of_record
TN:
SF:src/domain/event/customer/handler/print-log2-when-customer-is-created.handler.ts
FN:6,handle
FNF:1
FNH:1
FNDA:1,handle
DA:1,1
DA:2,1
DA:3,1
DA:4,1
DA:5,1
DA:6,1
DA:7,1
DA:8,1
DA:9,1
LF:9
LH:9
BRDA:6,0,0,1
BRF:1
BRH:1
end_of_record
TN:
SF:src/domain/event/customer/handler/print-log3-when-customer-address-is-changed.handler.ts
FN:7,handle
FNF:1
FNH:1
FNDA:1,handle
DA:1,1
DA:2,1
DA:3,1
DA:4,1
DA:5,1
DA:6,1
DA:7,1
DA:8,1
DA:9,1
DA:10,1
DA:11,1
DA:12,1
DA:13,1
DA:14,1
DA:15,1
LF:15
LH:15
BRDA:7,0,0,1
BRDA:8,1,0,0
BRDA:9,2,0,0
BRDA:10,3,0,0
BRF:4
BRH:1
end_of_record
TN:
SF:src/domain/event/product/product-created.event.ts
FN:3,<instance_members_initializer>
FN:7,ProductCreatedEvent
FNF:2
FNH:2
FNDA:1,<instance_members_initializer>
FNDA:1,ProductCreatedEvent
DA:1,1
DA:2,1
DA:3,1
DA:4,1
DA:5,1
DA:6,1
DA:7,1
DA:8,1
DA:9,1
DA:10,1
DA:11,1
DA:12,1
LF:12
LH:12
BRDA:3,0,0,1
BRDA:7,1,0,1
BRF:2
BRH:2
end_of_record
TN:
SF:src/domain/event/product/handler/send-email-when-product-is-created.handler.ts
FN:6,handle
FNF:1
FNH:1
FNDA:1,handle
DA:1,1
DA:2,1
DA:3,1
DA:4,1
DA:5,1
DA:6,1
DA:7,1
DA:8,1
DA:9,1
DA:10,1
LF:10
LH:10
BRDA:6,0,0,1
BRF:1
BRH:1
end_of_record
TN:
SF:src/domain/service/order.service.ts
FN:17,placeOrder
FN:26,total
FNF:2
FNH:2
FNDA:1,placeOrder
FNDA:1,total
DA:1,1
DA:2,1
DA:3,1
DA:4,1
DA:5,1
DA:6,1
DA:7,1
DA:8,1
DA:9,1
DA:10,1
DA:11,1
DA:12,1
DA:13,1
DA:14,1
DA:15,1
DA:16,1
DA:17,1
DA:18,1
DA:19,0
DA:20,0
DA:21,1
DA:22,1
DA:23,1
DA:24,1
DA:25,1
DA:26,1
DA:27,1
DA:28,1
DA:29,1
LF:29
LH:27
BRDA:17,0,0,1
BRDA:18,1,0,0
BRDA:26,2,0,1
BRDA:27,3,0,2
BRF:4
BRH:3
end_of_record
TN:
SF:src/domain/service/product.service.ts
FN:12,increasePrice
FNF:1
FNH:1
FNDA:1,increasePrice
DA:1,1
DA:2,1
DA:3,1
DA:4,1
DA:5,1
DA:6,1
DA:7,1
DA:8,1
DA:9,1
DA:10,1
DA:11,1
DA:12,1
DA:13,1
DA:14,2
DA:15,2
DA:16,1
DA:17,1
DA:18,1
LF:18
LH:18
BRDA:12,0,0,1
BRDA:13,1,0,2
BRF:2
BRH:2
end_of_record
TN:
SF:src/domain/vo/address.ts
FN:1,<instance_members_initializer>
FN:7,Address
FN:15,get street
FN:19,get number
FN:23,get zip
FN:27,get city
FN:31,validate
FN:46,toString
FNF:8
FNH:7
FNDA:13,<instance_members_initializer>
FNDA:13,Address
FNDA:13,get street
FNDA:13,get number
FNDA:13,get zip
FNDA:13,get city
FNDA:13,validate
FNDA:0,toString
DA:1,1
DA:2,13
DA:3,13
DA:4,13
DA:5,13
DA:6,13
DA:7,13
DA:8,13
DA:9,13
DA:10,13
DA:11,13
DA:12,13
DA:13,13
DA:14,13
DA:15,13
DA:16,13
DA:17,13
DA:18,13
DA:19,13
DA:20,13
DA:21,13
DA:22,13
DA:23,13
DA:24,13
DA:25,13
DA:26,13
DA:27,13
DA:28,13
DA:29,13
DA:30,13
DA:31,13
DA:32,13
DA:33,0
DA:34,0
DA:35,13
DA:36,0
DA:37,0
DA:38,13
DA:39,0
DA:40,0
DA:41,13
DA:42,0
DA:43,0
DA:44,13
DA:45,13
DA:46,13
DA:47,0
DA:48,0
DA:49,13
LF:49
LH:39
BRDA:1,0,0,13
BRDA:7,1,0,13
BRDA:15,2,0,13
BRDA:19,3,0,13
BRDA:23,4,0,13
BRDA:27,5,0,13
BRDA:31,6,0,13
BRDA:32,7,0,0
BRDA:35,8,0,0
BRDA:38,9,0,0
BRDA:41,10,0,0
BRF:11
BRH:7
end_of_record
TN:
SF:src/infra/db/sequelize/model/customer.model.ts
FNF:0
FNH:0
DA:1,1
DA:2,1
DA:3,1
DA:4,1
DA:5,1
DA:6,1
DA:7,1
DA:8,1
DA:9,1
DA:10,1
DA:11,1
DA:12,1
DA:13,1
DA:14,1
DA:15,1
DA:16,1
DA:17,1
DA:18,1
DA:19,1
DA:20,1
DA:21,1
DA:22,1
DA:23,1
DA:24,1
DA:25,1
DA:26,1
DA:27,1
DA:28,1
DA:29,1
DA:30,1
DA:31,1
DA:32,1
DA:33,1
DA:34,1
DA:35,1
DA:36,1
DA:37,1
LF:37
LH:37
BRF:0
BRH:0
end_of_record
TN:
SF:src/infra/db/sequelize/model/order-item.model.ts
FN:47,toDomain
FNF:1
FNH:1
FNDA:3,toDomain
DA:1,1
DA:2,1
DA:3,1
DA:4,1
DA:5,1
DA:6,1
DA:7,1
DA:8,1
DA:9,1
DA:10,1
DA:11,1
DA:12,1
DA:13,1
DA:14,1
DA:15,1
DA:16,1
DA:17,1
DA:18,1
DA:19,1
DA:20,1
DA:21,1
DA:22,1
DA:23,1
DA:24,1
DA:25,1
DA:26,1
DA:27,1
DA:28,1
DA:29,1
DA:30,1
DA:31,1
DA:32,1
DA:33,1
DA:34,1
DA:35,1
DA:36,1
DA:37,1
DA:38,1
DA:39,1
DA:40,1
DA:41,1
DA:42,1
DA:43,1
DA:44,1
DA:45,1
DA:46,1
DA:47,1
DA:48,3
DA:49,3
DA:50,3
DA:51,1
LF:51
LH:51
BRDA:29,0,0,0
BRDA:36,1,0,0
BRDA:47,2,0,3
BRDA:24,3,0,30
BRDA:28,4,0,12
BRDA:31,5,0,12
BRDA:35,6,0,12
BRF:7
BRH:5
end_of_record
TN:
SF:src/infra/db/sequelize/model/order.model.ts
FN:38,toDomain
FNF:1
FNH:1
FNDA:3,toDomain
DA:1,1
DA:2,1
DA:3,1
DA:4,1
DA:5,1
DA:6,1
DA:7,1
DA:8,1
DA:9,1
DA:10,1
DA:11,1
DA:12,1
DA:13,1
DA:14,1
DA:15,1
DA:16,1
DA:17,1
DA:18,1
DA:19,1
DA:20,1
DA:21,1
DA:22,1
DA:23,1
DA:24,1
DA:25,1
DA:26,1
DA:27,1
DA:28,1
DA:29,1
DA:30,1
DA:31,1
DA:32,1
DA:33,1
DA:34,1
DA:35,1
DA:36,1
DA:37,1
DA:38,1
DA:39,3
DA:40,3
DA:41,3
DA:42,3
DA:43,3
DA:44,1
DA:45,1
LF:45
LH:45
BRDA:30,0,0,0
BRDA:38,1,0,3
BRDA:39,2,0,3
BRDA:25,3,0,6
BRDA:29,4,0,20
BRDA:32,5,0,20
BRF:6
BRH:5
end_of_record
TN:
SF:src/infra/db/sequelize/model/product.model.ts
FNF:0
FNH:0
DA:1,1
DA:2,1
DA:3,1
DA:4,1
DA:5,1
DA:6,1
DA:7,1
DA:8,1
DA:9,1
DA:10,1
DA:11,1
DA:12,1
DA:13,1
DA:14,1
DA:15,1
DA:16,1
DA:17,1
LF:17
LH:17
BRF:0
BRH:0
end_of_record
TN:
SF:src/infra/repository/customer.repository.ts
FN:7,create
FN:20,update
FN:39,find
FN:63,findAll
FNF:4
FNH:4
FNDA:10,create
FNDA:1,update
FNDA:2,find
FNDA:1,findAll
DA:1,1
DA:2,1
DA:3,1
DA:4,1
DA:5,1
DA:6,1
DA:7,1
DA:8,10
DA:9,10
DA:10,10
DA:11,10
DA:12,10
DA:13,10
DA:14,10
DA:15,10
DA:16,10
DA:17,10
DA:18,10
DA:19,1
DA:20,1
DA:21,1
DA:22,1
DA:23,1
DA:24,1
DA:25,1
DA:26,1
DA:27,1
DA:28,1
DA:29,1
DA:30,1
DA:31,1
DA:32,1
DA:33,1
DA:34,1
DA:35,1
DA:36,1
DA:37,1
DA:38,1
DA:39,1
DA:40,2
DA:41,2
DA:42,2
DA:43,2
DA:44,2
DA:45,2
DA:46,2
DA:47,2
DA:48,1
DA:49,1
DA:50,1
DA:51,1
DA:52,1
DA:53,1
DA:54,1
DA:55,1
DA:56,1
DA:57,1
DA:58,1
DA:59,1
DA:60,1
DA:61,1
DA:62,1
DA:63,1
DA:64,1
DA:65,1
DA:66,1
DA:67,2
DA:68,2
DA:69,2
DA:70,2
DA:71,2
DA:72,2
DA:73,2
DA:74,2
DA:75,2
DA:76,2
DA:77,1
DA:78,1
DA:79,2
DA:80,2
DA:81,1
DA:82,1
DA:83,1
DA:84,1
LF:84
LH:84
BRDA:7,0,0,10
BRDA:20,1,0,1
BRDA:39,2,0,2
BRDA:47,3,0,1
BRDA:63,4,0,1
BRDA:66,5,0,2
BRDA:76,6,0,1
BRF:7
BRH:7
end_of_record
TN:
SF:src/infra/repository/order.repository.ts
FN:8,create
FN:28,update
FN:80,find
FN:94,findAll
FNF:4
FNH:4
FNDA:5,create
FNDA:2,update
FNDA:2,find
FNDA:1,findAll
DA:1,1
DA:2,1
DA:3,1
DA:4,1
DA:5,1
DA:6,1
DA:7,1
DA:8,1
DA:9,5
DA:10,5
DA:11,5
DA:12,5
DA:13,5
DA:14,5
DA:15,5
DA:16,5
DA:17,5
DA:18,5
DA:19,5
DA:20,5
DA:21,5
DA:22,5
DA:23,5
DA:24,5
DA:25,5
DA:26,5
DA:27,1
DA:28,1
DA:29,2
DA:30,2
DA:31,2
DA:32,2
DA:33,2
DA:34,0
DA:35,0
DA:36,2
DA:37,1
DA:38,1
DA:39,1
DA:40,1
DA:41,1
DA:42,1
DA:43,1
DA:44,1
DA:45,1
DA:46,1
DA:47,1
DA:48,1
DA:49,2
DA:50,2
DA:51,2
DA:52,1
DA:53,1
DA:54,1
DA:55,1
DA:56,1
DA:57,1
DA:58,1
DA:59,1
DA:60,1
DA:61,1
DA:62,1
DA:63,1
DA:64,1
DA:65,1
DA:66,1
DA:67,1
DA:68,2
DA:69,1
DA:70,1
DA:71,1
DA:72,1
DA:73,0
DA:74,0
DA:75,1
DA:76,1
DA:77,1
DA:78,1
DA:79,1
DA:80,1
DA:81,2
DA:82,2
DA:83,2
DA:84,2
DA:85,2
DA:86,2
DA:87,2
DA:88,1
DA:89,1
DA:90,1
DA:91,1
DA:92,1
DA:93,1
DA:94,1
DA:95,1
DA:96,1
DA:97,1
DA:98,1
DA:99,2
DA:100,1
DA:101,1
DA:102,1
LF:102
LH:98
BRDA:8,0,0,5
BRDA:14,1,0,5
BRDA:28,2,0,2
BRDA:32,3,0,1
BRDA:33,4,0,0
BRDA:36,5,0,1
BRDA:51,6,0,1
BRDA:68,7,0,1
BRDA:72,8,0,0
BRDA:50,9,0,2
BRDA:72,10,0,1
BRDA:80,11,0,2
BRDA:87,12,0,1
BRDA:94,13,0,1
BRDA:98,14,0,2
BRF:15
BRH:13
end_of_record
TN:
SF:src/infra/repository/product.repository.ts
FN:6,create
FN:14,update
FN:28,find
FN:33,findAll
FNF:4
FNH:4
FNDA:11,create
FNDA:1,update
FNDA:1,find
FNDA:1,findAll
DA:1,1
DA:2,1
DA:3,1
DA:4,1
DA:5,1
DA:6,1
DA:7,11
DA:8,11
DA:9,11
DA:10,11
DA:11,11
DA:12,11
DA:13,1
DA:14,1
DA:15,1
DA:16,1
DA:17,1
DA:18,1
DA:19,1
DA:20,1
DA:21,1
DA:22,1
DA:23,1
DA:24,1
DA:25,1
DA:26,1
DA:27,1
DA:28,1
DA:29,1
DA:30,1
DA:31,1
DA:32,1
DA:33,1
DA:34,1
DA:35,1
DA:36,2
DA:37,1
DA:38,1
DA:39,1
LF:39
LH:39
BRDA:6,0,0,11
BRDA:14,1,0,1
BRDA:28,2,0,1
BRDA:33,3,0,1
BRDA:35,4,0,2
BRF:5
BRH:5
end_of_record
