TN:
SF:src/domain/aggregate/customer.ts
FN:23,<instance_members_initializer>
FN:34,Customer
FN:40,get id
FN:44,get name
FN:48,get rewardPoints
FN:52,get Address
FN:56,changeAddress
FN:64,validate
FN:73,isActive
FN:77,changeName
FN:81,activate
FN:88,addRewardPoints
FN:92,deactivate
FN:96,set Address
FNF:14
FNH:14
FNDA:16,<instance_members_initializer>
FNDA:16,Customer
FNDA:9,get id
FNDA:10,get name
FNDA:10,get rewardPoints
FNDA:28,get Address
FNDA:4,changeAddress
FNDA:16,validate
FNDA:11,isActive
FNDA:2,changeName
FNDA:4,activate
FNDA:5,addRewardPoints
FNDA:1,deactivate
FNDA:6,set Address
DA:1,1
DA:2,1
DA:3,1
DA:4,1
DA:5,1
DA:6,1
DA:7,1
DA:8,1
DA:9,1
DA:10,1
DA:11,1
DA:12,1
DA:13,1
DA:14,1
DA:15,1
DA:16,1
DA:17,1
DA:18,1
DA:19,1
DA:20,1
DA:21,1
DA:22,1
DA:23,1
DA:24,16
DA:25,16
DA:26,16
DA:27,16
DA:28,16
DA:29,16
DA:30,16
DA:31,16
DA:32,16
DA:33,16
DA:34,16
DA:35,16
DA:36,16
DA:37,16
DA:38,16
DA:39,16
DA:40,16
DA:41,9
DA:42,9
DA:43,16
DA:44,16
DA:45,10
DA:46,10
DA:47,16
DA:48,16
DA:49,10
DA:50,10
DA:51,16
DA:52,16
DA:53,28
DA:54,28
DA:55,16
DA:56,16
DA:57,4
DA:58,4
DA:59,16
DA:60,16
DA:61,16
DA:62,16
DA:63,16
DA:64,16
DA:65,16
DA:66,1
DA:67,1
DA:68,16
DA:69,1
DA:70,1
DA:71,16
DA:72,16
DA:73,16
DA:74,11
DA:75,11
DA:76,16
DA:77,16
DA:78,2
DA:79,2
DA:80,16
DA:81,16
DA:82,4
DA:83,1
DA:84,1
DA:85,3
DA:86,3
DA:87,16
DA:88,16
DA:89,5
DA:90,5
DA:91,16
DA:92,16
DA:93,1
DA:94,1
DA:95,16
DA:96,16
DA:97,6
DA:98,6
DA:99,16
LF:99
LH:99
BRDA:23,0,0,16
BRDA:34,1,0,16
BRDA:40,2,0,9
BRDA:44,3,0,10
BRDA:48,4,0,10
BRDA:52,5,0,28
BRDA:56,6,0,4
BRDA:64,7,0,16
BRDA:65,8,0,1
BRDA:67,9,0,15
BRDA:68,10,0,1
BRDA:73,11,0,11
BRDA:77,12,0,2
BRDA:81,13,0,4
BRDA:82,14,0,3
BRDA:82,15,0,1
BRDA:88,16,0,5
BRDA:92,17,0,1
BRDA:96,18,0,6
BRF:19
BRH:19
end_of_record
TN:
SF:src/domain/aggregate/order.ts
FN:2,<instance_members_initializer>
FN:9,Order
FN:17,get id
FN:21,get customerId
FN:25,get items
FN:29,validate
FN:47,total
FNF:7
FNH:7
FNDA:10,<instance_members_initializer>
FNDA:10,Order
FNDA:2,get id
FNDA:1,get customerId
FNDA:1,get items
FNDA:10,validate
FNDA:19,total
DA:1,1
DA:2,1
DA:3,10
DA:4,10
DA:5,10
DA:6,10
DA:7,10
DA:8,10
DA:9,10
DA:10,10
DA:11,10
DA:12,10
DA:13,10
DA:14,10
DA:15,10
DA:16,10
DA:17,10
DA:18,2
DA:19,2
DA:20,10
DA:21,10
DA:22,1
DA:23,1
DA:24,10
DA:25,10
DA:26,1
DA:27,1
DA:28,10
DA:29,10
DA:30,10
DA:31,1
DA:32,1
DA:33,10
DA:34,1
DA:35,1
DA:36,10
DA:37,1
DA:38,1
DA:39,7
DA:40,10
DA:41,1
DA:42,1
DA:43,6
DA:44,6
DA:45,6
DA:46,10
DA:47,10
DA:48,19
DA:49,19
DA:50,10
LF:50
LH:50
BRDA:2,0,0,10
BRDA:9,1,0,10
BRDA:17,2,0,2
BRDA:21,3,0,1
BRDA:25,4,0,1
BRDA:29,5,0,10
BRDA:30,6,0,1
BRDA:32,7,0,9
BRDA:33,8,0,1
BRDA:35,9,0,8
BRDA:36,10,0,1
BRDA:38,11,0,7
BRDA:40,12,0,1
BRDA:42,13,0,6
BRDA:40,14,0,8
BRDA:47,15,0,19
BRDA:48,16,0,18
BRF:17
BRH:17
end_of_record
TN:
SF:src/domain/aggregate/product.ts
FN:1,<instance_members_initializer>
FN:6,Product
FN:13,get id
FN:17,get name
FN:21,get price
FN:25,changeName
FN:30,changePrice
FN:35,validate
FNF:8
FNH:8
FNDA:16,<instance_members_initializer>
FNDA:16,Product
FNDA:9,get id
FNDA:10,get name
FNDA:16,get price
FNDA:2,changeName
FNDA:4,changePrice
FNDA:22,validate
DA:1,1
DA:2,16
DA:3,16
DA:4,16
DA:5,16
DA:6,16
DA:7,16
DA:8,16
DA:9,16
DA:10,16
DA:11,16
DA:12,16
DA:13,16
DA:14,9
DA:15,9
DA:16,16
DA:17,16
DA:18,10
DA:19,10
DA:20,16
DA:21,16
DA:22,16
DA:23,16
DA:24,16
DA:25,16
DA:26,2
DA:27,2
DA:28,2
DA:29,16
DA:30,16
DA:31,4
DA:32,4
DA:33,4
DA:34,16
DA:35,16
DA:36,22
DA:37,1
DA:38,1
DA:39,22
DA:40,1
DA:41,1
DA:42,22
DA:43,1
DA:44,1
DA:45,19
DA:46,19
DA:47,16
LF:47
LH:47
BRDA:1,0,0,16
BRDA:6,1,0,16
BRDA:13,2,0,9
BRDA:17,3,0,10
BRDA:21,4,0,16
BRDA:25,5,0,2
BRDA:30,6,0,4
BRDA:35,7,0,22
BRDA:36,8,0,1
BRDA:38,9,0,21
BRDA:39,10,0,1
BRDA:41,11,0,20
BRDA:42,12,0,1
BRDA:44,13,0,19
BRF:14
BRH:14
end_of_record
TN:
SF:src/domain/entity/order_item.ts
FN:1,<instance_members_initializer>
FN:9,OrderItem
FN:24,get id
FN:28,get name
FN:32,get productId
FN:36,get quantity
FN:40,get price
FN:44,total
FNF:8
FNH:8
FNDA:7,<instance_members_initializer>
FNDA:7,OrderItem
FNDA:2,get id
FNDA:2,get name
FNDA:1,get productId
FNDA:10,get quantity
FNDA:2,get price
FNDA:25,total
DA:1,1
DA:2,7
DA:3,7
DA:4,7
DA:5,7
DA:6,7
DA:7,7
DA:8,7
DA:9,7
DA:10,7
DA:11,7
DA:12,7
DA:13,7
DA:14,7
DA:15,7
DA:16,7
DA:17,7
DA:18,7
DA:19,7
DA:20,7
DA:21,7
DA:22,7
DA:23,7
DA:24,7
DA:25,2
DA:26,2
DA:27,7
DA:28,7
DA:29,2
DA:30,2
DA:31,7
DA:32,7
DA:33,1
DA:34,1
DA:35,7
DA:36,7
DA:37,10
DA:38,10
DA:39,7
DA:40,7
DA:41,2
DA:42,2
DA:43,7
DA:44,7
DA:45,25
DA:46,25
DA:47,7
LF:47
LH:47
BRDA:1,0,0,7
BRDA:9,1,0,7
BRDA:24,2,0,2
BRDA:28,3,0,2
BRDA:32,4,0,1
BRDA:36,5,0,10
BRDA:40,6,0,2
BRDA:44,7,0,25
BRF:8
BRH:8
end_of_record
TN:
SF:src/domain/service/order.service.ts
FN:17,placeOrder
FN:26,total
FNF:2
FNH:2
FNDA:1,placeOrder
FNDA:1,total
DA:1,1
DA:2,1
DA:3,1
DA:4,1
DA:5,1
DA:6,1
DA:7,1
DA:8,1
DA:9,1
DA:10,1
DA:11,1
DA:12,1
DA:13,1
DA:14,1
DA:15,1
DA:16,1
DA:17,1
DA:18,1
DA:19,0
DA:20,0
DA:21,1
DA:22,1
DA:23,1
DA:24,1
DA:25,1
DA:26,1
DA:27,1
DA:28,1
DA:29,1
LF:29
LH:27
BRDA:17,0,0,1
BRDA:18,1,0,0
BRDA:26,2,0,1
BRDA:27,3,0,2
BRF:4
BRH:3
end_of_record
TN:
SF:src/domain/service/product.service.ts
FN:12,increasePrice
FNF:1
FNH:1
FNDA:1,increasePrice
DA:1,1
DA:2,1
DA:3,1
DA:4,1
DA:5,1
DA:6,1
DA:7,1
DA:8,1
DA:9,1
DA:10,1
DA:11,1
DA:12,1
DA:13,1
DA:14,2
DA:15,2
DA:16,1
DA:17,1
DA:18,1
LF:18
LH:18
BRDA:12,0,0,1
BRDA:13,1,0,2
BRF:2
BRH:2
end_of_record
TN:
SF:src/domain/vo/address.ts
FN:1,<instance_members_initializer>
FN:7,Address
FN:15,get street
FN:19,get number
FN:23,get zip
FN:27,get city
FN:31,validate
FN:46,toString
FNF:8
FNH:7
FNDA:10,<instance_members_initializer>
FNDA:10,Address
FNDA:9,get street
FNDA:9,get number
FNDA:9,get zip
FNDA:9,get city
FNDA:10,validate
FNDA:0,toString
DA:1,1
DA:2,10
DA:3,10
DA:4,10
DA:5,10
DA:6,10
DA:7,10
DA:8,10
DA:9,10
DA:10,10
DA:11,10
DA:12,10
DA:13,10
DA:14,10
DA:15,10
DA:16,9
DA:17,9
DA:18,10
DA:19,10
DA:20,9
DA:21,9
DA:22,10
DA:23,10
DA:24,9
DA:25,9
DA:26,10
DA:27,10
DA:28,9
DA:29,9
DA:30,10
DA:31,10
DA:32,10
DA:33,0
DA:34,0
DA:35,10
DA:36,0
DA:37,0
DA:38,10
DA:39,0
DA:40,0
DA:41,10
DA:42,0
DA:43,0
DA:44,10
DA:45,10
DA:46,10
DA:47,0
DA:48,0
DA:49,10
LF:49
LH:39
BRDA:1,0,0,10
BRDA:7,1,0,10
BRDA:15,2,0,9
BRDA:19,3,0,9
BRDA:23,4,0,9
BRDA:27,5,0,9
BRDA:31,6,0,10
BRDA:32,7,0,0
BRDA:35,8,0,0
BRDA:38,9,0,0
BRDA:41,10,0,0
BRF:11
BRH:7
end_of_record
TN:
SF:src/infra/db/sequelize/model/customer.model.ts
FNF:0
FNH:0
DA:1,1
DA:2,1
DA:3,1
DA:4,1
DA:5,1
DA:6,1
DA:7,1
DA:8,1
DA:9,1
DA:10,1
DA:11,1
DA:12,1
DA:13,1
DA:14,1
DA:15,1
DA:16,1
DA:17,1
DA:18,1
DA:19,1
DA:20,1
DA:21,1
DA:22,1
DA:23,1
DA:24,1
DA:25,1
DA:26,1
DA:27,1
DA:28,1
DA:29,1
DA:30,1
DA:31,1
DA:32,1
DA:33,1
DA:34,1
DA:35,1
DA:36,1
DA:37,1
LF:37
LH:37
BRF:0
BRH:0
end_of_record
TN:
SF:src/infra/db/sequelize/model/order-item.model.ts
FNF:0
FNH:0
DA:1,1
DA:2,1
DA:3,1
DA:4,1
DA:5,1
DA:6,1
DA:7,1
DA:8,1
DA:9,1
DA:10,1
DA:11,1
DA:12,1
DA:13,1
DA:14,1
DA:15,1
DA:16,1
DA:17,1
DA:18,1
DA:19,1
DA:20,1
DA:21,1
DA:22,1
DA:23,1
DA:24,1
DA:25,1
DA:26,1
DA:27,1
DA:28,1
DA:29,1
DA:30,1
DA:31,1
DA:32,1
DA:33,1
DA:34,1
DA:35,1
DA:36,1
DA:37,1
DA:38,1
DA:39,1
DA:40,1
DA:41,1
DA:42,1
DA:43,1
DA:44,1
DA:45,1
LF:45
LH:45
BRDA:28,0,0,0
BRDA:35,1,0,0
BRDA:23,2,0,5
BRDA:27,3,0,2
BRDA:30,4,0,2
BRDA:34,5,0,2
BRF:6
BRH:4
end_of_record
TN:
SF:src/infra/db/sequelize/model/order.model.ts
FNF:0
FNH:0
DA:1,1
DA:2,1
DA:3,1
DA:4,1
DA:5,1
DA:6,1
DA:7,1
DA:8,1
DA:9,1
DA:10,1
DA:11,1
DA:12,1
DA:13,1
DA:14,1
DA:15,1
DA:16,1
DA:17,1
DA:18,1
DA:19,1
DA:20,1
DA:21,1
DA:22,1
DA:23,1
DA:24,1
DA:25,1
DA:26,1
DA:27,1
DA:28,1
DA:29,1
DA:30,1
DA:31,1
DA:32,1
DA:33,1
DA:34,1
LF:34
LH:34
BRDA:27,0,0,0
BRDA:22,1,0,1
BRDA:26,2,0,3
BRDA:29,3,0,3
BRF:4
BRH:3
end_of_record
TN:
SF:src/infra/db/sequelize/model/product.model.ts
FNF:0
FNH:0
DA:1,1
DA:2,1
DA:3,1
DA:4,1
DA:5,1
DA:6,1
DA:7,1
DA:8,1
DA:9,1
DA:10,1
DA:11,1
DA:12,1
DA:13,1
DA:14,1
DA:15,1
DA:16,1
DA:17,1
LF:17
LH:17
BRF:0
BRH:0
end_of_record
TN:
SF:src/infra/repository/customer.repository.ts
FN:7,create
FN:20,update
FN:39,find
FN:63,findAll
FNF:4
FNH:4
FNDA:6,create
FNDA:1,update
FNDA:2,find
FNDA:1,findAll
DA:1,1
DA:2,1
DA:3,1
DA:4,1
DA:5,1
DA:6,1
DA:7,1
DA:8,6
DA:9,6
DA:10,6
DA:11,6
DA:12,6
DA:13,6
DA:14,6
DA:15,6
DA:16,6
DA:17,6
DA:18,6
DA:19,1
DA:20,1
DA:21,1
DA:22,1
DA:23,1
DA:24,1
DA:25,1
DA:26,1
DA:27,1
DA:28,1
DA:29,1
DA:30,1
DA:31,1
DA:32,1
DA:33,1
DA:34,1
DA:35,1
DA:36,1
DA:37,1
DA:38,1
DA:39,1
DA:40,2
DA:41,2
DA:42,2
DA:43,2
DA:44,2
DA:45,2
DA:46,2
DA:47,2
DA:48,1
DA:49,1
DA:50,1
DA:51,1
DA:52,1
DA:53,1
DA:54,1
DA:55,1
DA:56,1
DA:57,1
DA:58,1
DA:59,1
DA:60,1
DA:61,1
DA:62,1
DA:63,1
DA:64,1
DA:65,1
DA:66,1
DA:67,2
DA:68,2
DA:69,2
DA:70,2
DA:71,2
DA:72,2
DA:73,2
DA:74,2
DA:75,2
DA:76,2
DA:77,1
DA:78,1
DA:79,2
DA:80,2
DA:81,1
DA:82,1
DA:83,1
DA:84,1
LF:84
LH:84
BRDA:7,0,0,6
BRDA:20,1,0,1
BRDA:39,2,0,2
BRDA:47,3,0,1
BRDA:63,4,0,1
BRDA:66,5,0,2
BRDA:76,6,0,1
BRF:7
BRH:7
end_of_record
TN:
SF:src/infra/repository/order.repository.ts
FN:7,create
FNF:1
FNH:1
FNDA:1,create
DA:1,1
DA:2,1
DA:3,1
DA:4,1
DA:5,1
DA:6,1
DA:7,1
DA:8,1
DA:9,1
DA:10,1
DA:11,1
DA:12,1
DA:13,1
DA:14,1
DA:15,1
DA:16,1
DA:17,1
DA:18,1
DA:19,1
DA:20,1
DA:21,1
DA:22,1
DA:23,1
DA:24,1
DA:25,1
DA:26,1
LF:26
LH:26
BRDA:7,0,0,1
BRDA:13,1,0,1
BRF:2
BRH:2
end_of_record
TN:
SF:src/infra/repository/product.repository.ts
FN:6,create
FN:14,update
FN:28,find
FN:33,findAll
FNF:4
FNH:4
FNDA:6,create
FNDA:1,update
FNDA:1,find
FNDA:1,findAll
DA:1,1
DA:2,1
DA:3,1
DA:4,1
DA:5,1
DA:6,1
DA:7,6
DA:8,6
DA:9,6
DA:10,6
DA:11,6
DA:12,6
DA:13,1
DA:14,1
DA:15,1
DA:16,1
DA:17,1
DA:18,1
DA:19,1
DA:20,1
DA:21,1
DA:22,1
DA:23,1
DA:24,1
DA:25,1
DA:26,1
DA:27,1
DA:28,1
DA:29,1
DA:30,1
DA:31,1
DA:32,1
DA:33,1
DA:34,1
DA:35,1
DA:36,2
DA:37,1
DA:38,1
DA:39,1
LF:39
LH:39
BRDA:6,0,0,6
BRDA:14,1,0,1
BRDA:28,2,0,1
BRDA:33,3,0,1
BRDA:35,4,0,2
BRF:5
BRH:5
end_of_record
